<?xml version="1.0" encoding="utf-8"?>
<CoverageSession xmlns:xsd="http://www.w3.org/2001/XMLSchema" xmlns:xsi="http://www.w3.org/2001/XMLSchema-instance" Version="0.0.0.0">
  <Summary numSequencePoints="455" visitedSequencePoints="373" numBranchPoints="0" visitedBranchPoints="0" sequenceCoverage="81.98" branchCoverage="0.0" maxCyclomaticComplexity="0" minCyclomaticComplexity="0" maxCrapScore="0" minCrapScore="0" visitedClasses="13" numClasses="13" visitedMethods="48" numMethods="48" />
  <Modules>
    <Module>
      <Summary numSequencePoints="455" visitedSequencePoints="373" numBranchPoints="0" visitedBranchPoints="0" sequenceCoverage="81.98" branchCoverage="0.0" maxCyclomaticComplexity="0" minCyclomaticComplexity="0" maxCrapScore="0" minCrapScore="0" visitedClasses="13" numClasses="13" visitedMethods="48" numMethods="48" />
      <ModuleTime>0001-01-01T00:00:00</ModuleTime>
      <ModuleName>Scripts</ModuleName>
      <Files>
        <File uid="1" fullPath="/Users/erikakovlev/Laboratory_Work/Assets/Scripts/Cell.cs" />
        <File uid="2" fullPath="/Users/erikakovlev/Laboratory_Work/Assets/Scripts/CellData.cs" />
        <File uid="3" fullPath="/Users/erikakovlev/Laboratory_Work/Assets/Scripts/CellNumber.cs" />
        <File uid="4" fullPath="/Users/erikakovlev/Laboratory_Work/Assets/Scripts/CellNumberLoader.cs" />
        <File uid="5" fullPath="/Users/erikakovlev/Laboratory_Work/Assets/Scripts/CellView.cs" />
        <File uid="6" fullPath="/Users/erikakovlev/Laboratory_Work/Assets/Scripts/GameField.cs" />
        <File uid="7" fullPath="/Users/erikakovlev/Laboratory_Work/Assets/Scripts/GameManager.cs" />
        <File uid="8" fullPath="/Users/erikakovlev/Laboratory_Work/Assets/Scripts/GizmosWrapper.cs" />
        <File uid="9" fullPath="/Users/erikakovlev/Laboratory_Work/Assets/Scripts/InputHandler.cs" />
        <File uid="10" fullPath="/Users/erikakovlev/Laboratory_Work/Assets/Scripts/PlusScore.cs" />
        <File uid="11" fullPath="/Users/erikakovlev/Laboratory_Work/Assets/Scripts/RestartProcess.cs" />
      </Files>
      <Classes>
        <Class>
          <Summary numSequencePoints="27" visitedSequencePoints="26" numBranchPoints="0" visitedBranchPoints="0" sequenceCoverage="96.30" branchCoverage="0.0" maxCyclomaticComplexity="0" minCyclomaticComplexity="0" maxCrapScore="0" minCrapScore="0" visitedClasses="1" numClasses="1" visitedMethods="9" numMethods="9" />
          <FullName>Cell</FullName>
          <Methods>
            <Method visited="true" cyclomaticComplexity="0" nPathComplexity="0" sequenceCoverage="100.0" branchCoverage="0" crapScore="0" isConstructor="false" isStatic="false" isGetter="true" isSetter="false">
              <Summary numSequencePoints="1" visitedSequencePoints="1" numBranchPoints="0" visitedBranchPoints="0" sequenceCoverage="100.0" branchCoverage="0" maxCyclomaticComplexity="0" minCyclomaticComplexity="0" maxCrapScore="0" minCrapScore="0" visitedClasses="0" numClasses="0" visitedMethods="1" numMethods="1" />
              <MetadataToken>100663297</MetadataToken>
              <Name>UnityEngine.Vector2Int Cell::get_Position()</Name>
              <FileRef uid="1" />
              <SequencePoints>
                <SequencePoint vc="70" uspid="540" ordinal="0" offset="0" sl="6" sc="34" el="6" ec="34" bec="0" bev="0" fileid="1" />
              </SequencePoints>
              <BranchPoints />
            </Method>
            <Method visited="true" cyclomaticComplexity="0" nPathComplexity="0" sequenceCoverage="100.0" branchCoverage="0" crapScore="0" isConstructor="false" isStatic="false" isGetter="false" isSetter="true">
              <Summary numSequencePoints="1" visitedSequencePoints="1" numBranchPoints="0" visitedBranchPoints="0" sequenceCoverage="100.0" branchCoverage="0" maxCyclomaticComplexity="0" minCyclomaticComplexity="0" maxCrapScore="0" minCrapScore="0" visitedClasses="0" numClasses="0" visitedMethods="1" numMethods="1" />
              <MetadataToken>100663298</MetadataToken>
              <Name>System.Void Cell::set_Position(UnityEngine.Vector2Int)</Name>
              <FileRef uid="1" />
              <SequencePoints>
                <SequencePoint vc="32" uspid="541" ordinal="0" offset="0" sl="6" sc="39" el="6" ec="39" bec="0" bev="0" fileid="1" />
              </SequencePoints>
              <BranchPoints />
            </Method>
            <Method visited="true" cyclomaticComplexity="0" nPathComplexity="0" sequenceCoverage="100.0" branchCoverage="0" crapScore="0" isConstructor="false" isStatic="false" isGetter="true" isSetter="false">
              <Summary numSequencePoints="1" visitedSequencePoints="1" numBranchPoints="0" visitedBranchPoints="0" sequenceCoverage="100.0" branchCoverage="0" maxCyclomaticComplexity="0" minCyclomaticComplexity="0" maxCrapScore="0" minCrapScore="0" visitedClasses="0" numClasses="0" visitedMethods="1" numMethods="1" />
              <MetadataToken>100663299</MetadataToken>
              <Name>CellNumber Cell::get_CellDescription()</Name>
              <FileRef uid="1" />
              <SequencePoints>
                <SequencePoint vc="16" uspid="542" ordinal="0" offset="0" sl="7" sc="41" el="7" ec="41" bec="0" bev="0" fileid="1" />
              </SequencePoints>
              <BranchPoints />
            </Method>
            <Method visited="true" cyclomaticComplexity="0" nPathComplexity="0" sequenceCoverage="100.0" branchCoverage="0" crapScore="0" isConstructor="false" isStatic="false" isGetter="false" isSetter="true">
              <Summary numSequencePoints="1" visitedSequencePoints="1" numBranchPoints="0" visitedBranchPoints="0" sequenceCoverage="100.0" branchCoverage="0" maxCyclomaticComplexity="0" minCyclomaticComplexity="0" maxCrapScore="0" minCrapScore="0" visitedClasses="0" numClasses="0" visitedMethods="1" numMethods="1" />
              <MetadataToken>100663300</MetadataToken>
              <Name>System.Void Cell::set_CellDescription(CellNumber)</Name>
              <FileRef uid="1" />
              <SequencePoints>
                <SequencePoint vc="22" uspid="543" ordinal="0" offset="0" sl="7" sc="46" el="7" ec="46" bec="0" bev="0" fileid="1" />
              </SequencePoints>
              <BranchPoints />
            </Method>
            <Method visited="true" cyclomaticComplexity="0" nPathComplexity="0" sequenceCoverage="100.0" branchCoverage="0" crapScore="0" isConstructor="false" isStatic="false" isGetter="true" isSetter="false">
              <Summary numSequencePoints="1" visitedSequencePoints="1" numBranchPoints="0" visitedBranchPoints="0" sequenceCoverage="100.0" branchCoverage="0" maxCyclomaticComplexity="0" minCyclomaticComplexity="0" maxCrapScore="0" minCrapScore="0" visitedClasses="0" numClasses="0" visitedMethods="1" numMethods="1" />
              <MetadataToken>100663301</MetadataToken>
              <Name>CellView Cell::get_CellView()</Name>
              <FileRef uid="1" />
              <SequencePoints>
                <SequencePoint vc="21" uspid="544" ordinal="0" offset="0" sl="9" sc="32" el="9" ec="32" bec="0" bev="0" fileid="1" />
              </SequencePoints>
              <BranchPoints />
            </Method>
            <Method visited="true" cyclomaticComplexity="0" nPathComplexity="0" sequenceCoverage="100.0" branchCoverage="0" crapScore="0" isConstructor="false" isStatic="false" isGetter="false" isSetter="true">
              <Summary numSequencePoints="1" visitedSequencePoints="1" numBranchPoints="0" visitedBranchPoints="0" sequenceCoverage="100.0" branchCoverage="0" maxCyclomaticComplexity="0" minCyclomaticComplexity="0" maxCrapScore="0" minCrapScore="0" visitedClasses="0" numClasses="0" visitedMethods="1" numMethods="1" />
              <MetadataToken>100663302</MetadataToken>
              <Name>System.Void Cell::set_CellView(CellView)</Name>
              <FileRef uid="1" />
              <SequencePoints>
                <SequencePoint vc="20" uspid="545" ordinal="0" offset="0" sl="9" sc="37" el="9" ec="37" bec="0" bev="0" fileid="1" />
              </SequencePoints>
              <BranchPoints />
            </Method>
            <Method visited="true" cyclomaticComplexity="0" nPathComplexity="0" sequenceCoverage="100.0" branchCoverage="0" crapScore="0" isConstructor="false" isStatic="false" isGetter="false" isSetter="false">
              <Summary numSequencePoints="7" visitedSequencePoints="7" numBranchPoints="0" visitedBranchPoints="0" sequenceCoverage="100.0" branchCoverage="0" maxCyclomaticComplexity="0" minCyclomaticComplexity="0" maxCrapScore="0" minCrapScore="0" visitedClasses="0" numClasses="0" visitedMethods="1" numMethods="1" />
              <MetadataToken>100663308</MetadataToken>
              <Name>System.Void Cell::SetValue(System.Int32)</Name>
              <FileRef uid="1" />
              <SequencePoints>
                <SequencePoint vc="3" uspid="546" ordinal="0" offset="13" sl="19" sc="40" el="19" ec="40" bec="0" bev="0" fileid="1" />
                <SequencePoint vc="3" uspid="547" ordinal="0" offset="14" sl="20" sc="9" el="20" ec="9" bec="0" bev="0" fileid="1" />
                <SequencePoint vc="3" uspid="548" ordinal="0" offset="40" sl="21" sc="9" el="21" ec="9" bec="0" bev="0" fileid="1" />
                <SequencePoint vc="3" uspid="549" ordinal="0" offset="41" sl="22" sc="13" el="22" ec="13" bec="0" bev="0" fileid="1" />
                <SequencePoint vc="3" uspid="550" ordinal="0" offset="70" sl="23" sc="13" el="23" ec="13" bec="0" bev="0" fileid="1" />
                <SequencePoint vc="3" uspid="551" ordinal="0" offset="94" sl="24" sc="9" el="24" ec="9" bec="0" bev="0" fileid="1" />
                <SequencePoint vc="3" uspid="552" ordinal="0" offset="95" sl="25" sc="5" el="25" ec="5" bec="0" bev="0" fileid="1" />
              </SequencePoints>
              <BranchPoints />
            </Method>
            <Method visited="true" cyclomaticComplexity="0" nPathComplexity="0" sequenceCoverage="88.89" branchCoverage="0" crapScore="0" isConstructor="false" isStatic="false" isGetter="false" isSetter="false">
              <Summary numSequencePoints="9" visitedSequencePoints="8" numBranchPoints="0" visitedBranchPoints="0" sequenceCoverage="88.89" branchCoverage="0" maxCyclomaticComplexity="0" minCyclomaticComplexity="0" maxCrapScore="0" minCrapScore="0" visitedClasses="0" numClasses="0" visitedMethods="1" numMethods="1" />
              <MetadataToken>100663309</MetadataToken>
              <Name>System.Void Cell::SetPosition(UnityEngine.Vector2Int, System.Boolean)</Name>
              <FileRef uid="1" />
              <SequencePoints>
                <SequencePoint vc="13" uspid="553" ordinal="0" offset="0" sl="28" sc="67" el="28" ec="67" bec="0" bev="0" fileid="1" />
                <SequencePoint vc="13" uspid="554" ordinal="0" offset="1" sl="29" sc="9" el="29" ec="9" bec="0" bev="0" fileid="1" />
                <SequencePoint vc="13" uspid="555" ordinal="0" offset="17" sl="29" sc="38" el="29" ec="38" bec="0" bev="0" fileid="1" />
                <SequencePoint vc="13" uspid="556" ordinal="0" offset="18" sl="30" sc="13" el="30" ec="13" bec="0" bev="0" fileid="1" />
                <SequencePoint vc="0" uspid="557" ordinal="0" offset="23" sl="30" sc="25" el="30" ec="25" bec="0" bev="0" fileid="1" />
                <SequencePoint vc="13" uspid="558" ordinal="0" offset="49" sl="31" sc="18" el="31" ec="18" bec="0" bev="0" fileid="1" />
                <SequencePoint vc="13" uspid="559" ordinal="0" offset="74" sl="32" sc="13" el="32" ec="13" bec="0" bev="0" fileid="1" />
                <SequencePoint vc="13" uspid="560" ordinal="0" offset="82" sl="34" sc="9" el="34" ec="9" bec="0" bev="0" fileid="1" />
                <SequencePoint vc="13" uspid="561" ordinal="0" offset="83" sl="35" sc="5" el="35" ec="5" bec="0" bev="0" fileid="1" />
              </SequencePoints>
              <BranchPoints />
            </Method>
            <Method visited="true" cyclomaticComplexity="0" nPathComplexity="0" sequenceCoverage="100.0" branchCoverage="0" crapScore="0" isConstructor="true" isStatic="false" isGetter="false" isSetter="false">
              <Summary numSequencePoints="5" visitedSequencePoints="5" numBranchPoints="0" visitedBranchPoints="0" sequenceCoverage="100.0" branchCoverage="0" maxCyclomaticComplexity="0" minCyclomaticComplexity="0" maxCrapScore="0" minCrapScore="0" visitedClasses="0" numClasses="0" visitedMethods="1" numMethods="1" />
              <MetadataToken>100663307</MetadataToken>
              <Name>Cell::Cell(UnityEngine.Vector2Int, System.Int32)</Name>
              <FileRef uid="1" />
              <SequencePoints>
                <SequencePoint vc="19" uspid="562" ordinal="0" offset="13" sl="14" sc="5" el="14" ec="5" bec="0" bev="0" fileid="1" />
                <SequencePoint vc="19" uspid="563" ordinal="0" offset="20" sl="14" sc="61" el="14" ec="61" bec="0" bev="0" fileid="1" />
                <SequencePoint vc="19" uspid="564" ordinal="0" offset="21" sl="15" sc="9" el="15" ec="9" bec="0" bev="0" fileid="1" />
                <SequencePoint vc="19" uspid="565" ordinal="0" offset="29" sl="16" sc="9" el="16" ec="9" bec="0" bev="0" fileid="1" />
                <SequencePoint vc="19" uspid="566" ordinal="0" offset="58" sl="17" sc="5" el="17" ec="5" bec="0" bev="0" fileid="1" />
              </SequencePoints>
              <BranchPoints />
            </Method>
          </Methods>
        </Class>
        <Class>
          <Summary numSequencePoints="1" visitedSequencePoints="1" numBranchPoints="0" visitedBranchPoints="0" sequenceCoverage="100.0" branchCoverage="0.0" maxCyclomaticComplexity="0" minCyclomaticComplexity="0" maxCrapScore="0" minCrapScore="0" visitedClasses="1" numClasses="1" visitedMethods="1" numMethods="1" />
          <FullName>CellNumber</FullName>
          <Methods>
            <Method visited="true" cyclomaticComplexity="0" nPathComplexity="0" sequenceCoverage="100.0" branchCoverage="0" crapScore="0" isConstructor="true" isStatic="true" isGetter="false" isSetter="false">
              <Summary numSequencePoints="1" visitedSequencePoints="1" numBranchPoints="0" visitedBranchPoints="0" sequenceCoverage="100.0" branchCoverage="0" maxCyclomaticComplexity="0" minCyclomaticComplexity="0" maxCrapScore="0" minCrapScore="0" visitedClasses="0" numClasses="0" visitedMethods="1" numMethods="1" />
              <MetadataToken>100663312</MetadataToken>
              <Name>static CellNumber::CellNumber()</Name>
              <FileRef uid="3" />
              <SequencePoints>
                <SequencePoint vc="1" uspid="573" ordinal="0" offset="0" sl="9" sc="5" el="9" ec="5" bec="0" bev="0" fileid="3" />
              </SequencePoints>
              <BranchPoints />
            </Method>
          </Methods>
        </Class>
        <Class>
          <Summary numSequencePoints="11" visitedSequencePoints="11" numBranchPoints="0" visitedBranchPoints="0" sequenceCoverage="100.0" branchCoverage="0.0" maxCyclomaticComplexity="0" minCyclomaticComplexity="0" maxCrapScore="0" minCrapScore="0" visitedClasses="1" numClasses="1" visitedMethods="1" numMethods="1" />
          <FullName>CellNumberLoader</FullName>
          <Methods>
            <Method visited="true" cyclomaticComplexity="0" nPathComplexity="0" sequenceCoverage="100.0" branchCoverage="0" crapScore="0" isConstructor="false" isStatic="false" isGetter="false" isSetter="false">
              <Summary numSequencePoints="11" visitedSequencePoints="11" numBranchPoints="0" visitedBranchPoints="0" sequenceCoverage="100.0" branchCoverage="0" maxCyclomaticComplexity="0" minCyclomaticComplexity="0" maxCrapScore="0" minCrapScore="0" visitedClasses="0" numClasses="0" visitedMethods="1" numMethods="1" />
              <MetadataToken>100663313</MetadataToken>
              <Name>System.Void CellNumberLoader::Awake()</Name>
              <FileRef uid="4" />
              <SequencePoints>
                <SequencePoint vc="12" uspid="574" ordinal="0" offset="0" sl="6" sc="5" el="6" ec="5" bec="0" bev="0" fileid="4" />
                <SequencePoint vc="12" uspid="575" ordinal="0" offset="1" sl="7" sc="9" el="7" ec="9" bec="0" bev="0" fileid="4" />
                <SequencePoint vc="12" uspid="576" ordinal="0" offset="12" sl="8" sc="9" el="8" ec="9" bec="0" bev="0" fileid="4" />
                <SequencePoint vc="12" uspid="577" ordinal="0" offset="23" sl="9" sc="9" el="9" ec="9" bec="0" bev="0" fileid="4" />
                <SequencePoint vc="12" uspid="578" ordinal="0" offset="24" sl="9" sc="30" el="9" ec="30" bec="0" bev="0" fileid="4" />
                <SequencePoint vc="216" uspid="579" ordinal="0" offset="30" sl="9" sc="18" el="9" ec="18" bec="0" bev="0" fileid="4" />
                <SequencePoint vc="216" uspid="580" ordinal="0" offset="34" sl="10" sc="9" el="10" ec="9" bec="0" bev="0" fileid="4" />
                <SequencePoint vc="216" uspid="581" ordinal="0" offset="35" sl="11" sc="13" el="11" ec="13" bec="0" bev="0" fileid="4" />
                <SequencePoint vc="216" uspid="582" ordinal="0" offset="47" sl="12" sc="9" el="12" ec="9" bec="0" bev="0" fileid="4" />
                <SequencePoint vc="228" uspid="583" ordinal="0" offset="52" sl="9" sc="27" el="9" ec="27" bec="0" bev="0" fileid="4" />
                <SequencePoint vc="12" uspid="584" ordinal="0" offset="58" sl="13" sc="5" el="13" ec="5" bec="0" bev="0" fileid="4" />
              </SequencePoints>
              <BranchPoints />
            </Method>
          </Methods>
        </Class>
        <Class>
          <Summary numSequencePoints="40" visitedSequencePoints="39" numBranchPoints="0" visitedBranchPoints="0" sequenceCoverage="97.50" branchCoverage="0.0" maxCyclomaticComplexity="0" minCyclomaticComplexity="0" maxCrapScore="0" minCrapScore="0" visitedClasses="1" numClasses="1" visitedMethods="4" numMethods="4" />
          <FullName>CellView</FullName>
          <Methods>
            <Method visited="true" cyclomaticComplexity="0" nPathComplexity="0" sequenceCoverage="100.0" branchCoverage="0" crapScore="0" isConstructor="false" isStatic="false" isGetter="false" isSetter="false">
              <Summary numSequencePoints="9" visitedSequencePoints="9" numBranchPoints="0" visitedBranchPoints="0" sequenceCoverage="100.0" branchCoverage="0" maxCyclomaticComplexity="0" minCyclomaticComplexity="0" maxCrapScore="0" minCrapScore="0" visitedClasses="0" numClasses="0" visitedMethods="1" numMethods="1" />
              <MetadataToken>100663315</MetadataToken>
              <Name>System.Void CellView::Init(Cell)</Name>
              <FileRef uid="5" />
              <SequencePoints>
                <SequencePoint vc="20" uspid="585" ordinal="0" offset="0" sl="18" sc="5" el="18" ec="5" bec="0" bev="0" fileid="5" />
                <SequencePoint vc="20" uspid="586" ordinal="0" offset="1" sl="19" sc="9" el="19" ec="9" bec="0" bev="0" fileid="5" />
                <SequencePoint vc="20" uspid="587" ordinal="0" offset="14" sl="20" sc="9" el="20" ec="9" bec="0" bev="0" fileid="5" />
                <SequencePoint vc="20" uspid="588" ordinal="0" offset="21" sl="21" sc="9" el="21" ec="9" bec="0" bev="0" fileid="5" />
                <SequencePoint vc="20" uspid="589" ordinal="0" offset="34" sl="22" sc="9" el="22" ec="9" bec="0" bev="0" fileid="5" />
                <SequencePoint vc="20" uspid="590" ordinal="0" offset="58" sl="23" sc="9" el="23" ec="9" bec="0" bev="0" fileid="5" />
                <SequencePoint vc="20" uspid="591" ordinal="0" offset="82" sl="24" sc="9" el="24" ec="9" bec="0" bev="0" fileid="5" />
                <SequencePoint vc="20" uspid="592" ordinal="0" offset="90" sl="25" sc="9" el="25" ec="9" bec="0" bev="0" fileid="5" />
                <SequencePoint vc="20" uspid="593" ordinal="0" offset="113" sl="26" sc="5" el="26" ec="5" bec="0" bev="0" fileid="5" />
              </SequencePoints>
              <BranchPoints />
            </Method>
            <Method visited="true" cyclomaticComplexity="0" nPathComplexity="0" sequenceCoverage="88.89" branchCoverage="0" crapScore="0" isConstructor="false" isStatic="false" isGetter="false" isSetter="false">
              <Summary numSequencePoints="9" visitedSequencePoints="8" numBranchPoints="0" visitedBranchPoints="0" sequenceCoverage="88.89" branchCoverage="0" maxCyclomaticComplexity="0" minCyclomaticComplexity="0" maxCrapScore="0" minCrapScore="0" visitedClasses="0" numClasses="0" visitedMethods="1" numMethods="1" />
              <MetadataToken>100663316</MetadataToken>
              <Name>System.Void CellView::UpdateValue(System.Int32)</Name>
              <FileRef uid="5" />
              <SequencePoints>
                <SequencePoint vc="24" uspid="594" ordinal="0" offset="0" sl="28" sc="36" el="28" ec="36" bec="0" bev="0" fileid="5" />
                <SequencePoint vc="24" uspid="595" ordinal="0" offset="1" sl="29" sc="9" el="29" ec="9" bec="0" bev="0" fileid="5" />
                <SequencePoint vc="2" uspid="596" ordinal="0" offset="16" sl="29" sc="24" el="29" ec="24" bec="0" bev="0" fileid="5" />
                <SequencePoint vc="2" uspid="597" ordinal="0" offset="17" sl="30" sc="13" el="30" ec="13" bec="0" bev="0" fileid="5" />
                <SequencePoint vc="2" uspid="598" ordinal="0" offset="50" sl="31" sc="13" el="31" ec="13" bec="0" bev="0" fileid="5" />
                <SequencePoint vc="2" uspid="599" ordinal="0" offset="78" sl="32" sc="9" el="32" ec="9" bec="0" bev="0" fileid="5" />
                <SequencePoint vc="24" uspid="600" ordinal="0" offset="79" sl="33" sc="9" el="33" ec="9" bec="0" bev="0" fileid="5" />
                <SequencePoint vc="0" uspid="601" ordinal="0" offset="94" sl="34" sc="13" el="34" ec="13" bec="0" bev="0" fileid="5" />
                <SequencePoint vc="24" uspid="602" ordinal="0" offset="122" sl="35" sc="5" el="35" ec="5" bec="0" bev="0" fileid="5" />
              </SequencePoints>
              <BranchPoints />
            </Method>
            <Method visited="true" cyclomaticComplexity="0" nPathComplexity="0" sequenceCoverage="100.0" branchCoverage="0" crapScore="0" isConstructor="false" isStatic="false" isGetter="false" isSetter="false">
              <Summary numSequencePoints="15" visitedSequencePoints="15" numBranchPoints="0" visitedBranchPoints="0" sequenceCoverage="100.0" branchCoverage="0" maxCyclomaticComplexity="0" minCyclomaticComplexity="0" maxCrapScore="0" minCrapScore="0" visitedClasses="0" numClasses="0" visitedMethods="1" numMethods="1" />
              <MetadataToken>100663317</MetadataToken>
              <Name>System.Void CellView::UpdatePosition(UnityEngine.Vector2Int, UnityEngine.Vector2Int)</Name>
              <FileRef uid="5" />
              <SequencePoints>
                <SequencePoint vc="34" uspid="603" ordinal="0" offset="0" sl="37" sc="82" el="37" ec="82" bec="0" bev="0" fileid="5" />
                <SequencePoint vc="34" uspid="604" ordinal="0" offset="1" sl="38" sc="9" el="38" ec="9" bec="0" bev="0" fileid="5" />
                <SequencePoint vc="34" uspid="605" ordinal="0" offset="13" sl="39" sc="9" el="39" ec="9" bec="0" bev="0" fileid="5" />
                <SequencePoint vc="34" uspid="606" ordinal="0" offset="19" sl="40" sc="9" el="40" ec="9" bec="0" bev="0" fileid="5" />
                <SequencePoint vc="34" uspid="607" ordinal="0" offset="50" sl="41" sc="9" el="41" ec="9" bec="0" bev="0" fileid="5" />
                <SequencePoint vc="34" uspid="608" ordinal="0" offset="57" sl="42" sc="9" el="42" ec="9" bec="0" bev="0" fileid="5" />
                <SequencePoint vc="20" uspid="609" ordinal="0" offset="71" sl="43" sc="9" el="43" ec="9" bec="0" bev="0" fileid="5" />
                <SequencePoint vc="20" uspid="610" ordinal="0" offset="72" sl="44" sc="13" el="44" ec="13" bec="0" bev="0" fileid="5" />
                <SequencePoint vc="20" uspid="611" ordinal="0" offset="95" sl="45" sc="9" el="45" ec="9" bec="0" bev="0" fileid="5" />
                <SequencePoint vc="14" uspid="612" ordinal="0" offset="98" sl="46" sc="14" el="46" ec="14" bec="0" bev="0" fileid="5" />
                <SequencePoint vc="9" uspid="613" ordinal="0" offset="111" sl="47" sc="9" el="47" ec="9" bec="0" bev="0" fileid="5" />
                <SequencePoint vc="9" uspid="614" ordinal="0" offset="112" sl="48" sc="13" el="48" ec="13" bec="0" bev="0" fileid="5" />
                <SequencePoint vc="9" uspid="615" ordinal="0" offset="119" sl="49" sc="13" el="49" ec="13" bec="0" bev="0" fileid="5" />
                <SequencePoint vc="9" uspid="616" ordinal="0" offset="138" sl="50" sc="9" el="50" ec="9" bec="0" bev="0" fileid="5" />
                <SequencePoint vc="34" uspid="617" ordinal="0" offset="139" sl="51" sc="5" el="51" ec="5" bec="0" bev="0" fileid="5" />
              </SequencePoints>
              <BranchPoints />
            </Method>
            <Method visited="true" cyclomaticComplexity="0" nPathComplexity="0" sequenceCoverage="100.0" branchCoverage="0" crapScore="0" isConstructor="false" isStatic="false" isGetter="false" isSetter="false">
              <Summary numSequencePoints="7" visitedSequencePoints="7" numBranchPoints="0" visitedBranchPoints="0" sequenceCoverage="100.0" branchCoverage="0" maxCyclomaticComplexity="0" minCyclomaticComplexity="0" maxCrapScore="0" minCrapScore="0" visitedClasses="0" numClasses="0" visitedMethods="1" numMethods="1" />
              <MetadataToken>100663320</MetadataToken>
              <Name>System.Void CellView::OnDestroy()</Name>
              <FileRef uid="5" />
              <SequencePoints>
                <SequencePoint vc="20" uspid="618" ordinal="0" offset="0" sl="86" sc="30" el="86" ec="30" bec="0" bev="0" fileid="5" />
                <SequencePoint vc="20" uspid="619" ordinal="0" offset="1" sl="87" sc="9" el="87" ec="9" bec="0" bev="0" fileid="5" />
                <SequencePoint vc="20" uspid="620" ordinal="0" offset="14" sl="87" sc="27" el="87" ec="27" bec="0" bev="0" fileid="5" />
                <SequencePoint vc="20" uspid="621" ordinal="0" offset="15" sl="88" sc="13" el="88" ec="13" bec="0" bev="0" fileid="5" />
                <SequencePoint vc="20" uspid="622" ordinal="0" offset="39" sl="89" sc="13" el="89" ec="13" bec="0" bev="0" fileid="5" />
                <SequencePoint vc="20" uspid="623" ordinal="0" offset="63" sl="90" sc="9" el="90" ec="9" bec="0" bev="0" fileid="5" />
                <SequencePoint vc="20" uspid="624" ordinal="0" offset="64" sl="91" sc="5" el="91" ec="5" bec="0" bev="0" fileid="5" />
              </SequencePoints>
              <BranchPoints />
            </Method>
          </Methods>
        </Class>
        <Class>
          <Summary numSequencePoints="79" visitedSequencePoints="73" numBranchPoints="0" visitedBranchPoints="0" sequenceCoverage="92.41" branchCoverage="0.0" maxCyclomaticComplexity="0" minCyclomaticComplexity="0" maxCrapScore="0" minCrapScore="0" visitedClasses="1" numClasses="1" visitedMethods="8" numMethods="8" />
          <FullName>GameField</FullName>
          <Methods>
            <Method visited="true" cyclomaticComplexity="0" nPathComplexity="0" sequenceCoverage="100.0" branchCoverage="0" crapScore="0" isConstructor="false" isStatic="false" isGetter="false" isSetter="false">
              <Summary numSequencePoints="3" visitedSequencePoints="3" numBranchPoints="0" visitedBranchPoints="0" sequenceCoverage="100.0" branchCoverage="0" maxCyclomaticComplexity="0" minCyclomaticComplexity="0" maxCrapScore="0" minCrapScore="0" visitedClasses="0" numClasses="0" visitedMethods="1" numMethods="1" />
              <MetadataToken>100663322</MetadataToken>
              <Name>System.Void GameField::Awake()</Name>
              <FileRef uid="6" />
              <SequencePoints>
                <SequencePoint vc="10" uspid="625" ordinal="0" offset="0" sl="17" sc="5" el="17" ec="5" bec="0" bev="0" fileid="6" />
                <SequencePoint vc="10" uspid="626" ordinal="0" offset="1" sl="18" sc="9" el="18" ec="9" bec="0" bev="0" fileid="6" />
                <SequencePoint vc="10" uspid="627" ordinal="0" offset="24" sl="19" sc="5" el="19" ec="5" bec="0" bev="0" fileid="6" />
              </SequencePoints>
              <BranchPoints />
            </Method>
            <Method visited="true" cyclomaticComplexity="0" nPathComplexity="0" sequenceCoverage="95.45" branchCoverage="0" crapScore="0" isConstructor="false" isStatic="false" isGetter="false" isSetter="false">
              <Summary numSequencePoints="22" visitedSequencePoints="21" numBranchPoints="0" visitedBranchPoints="0" sequenceCoverage="95.45" branchCoverage="0" maxCyclomaticComplexity="0" minCyclomaticComplexity="0" maxCrapScore="0" minCrapScore="0" visitedClasses="0" numClasses="0" visitedMethods="1" numMethods="1" />
              <MetadataToken>100663323</MetadataToken>
              <Name>UnityEngine.Vector2Int GameField::GetEmptyPosition()</Name>
              <FileRef uid="6" />
              <SequencePoints>
                <SequencePoint vc="20" uspid="628" ordinal="0" offset="0" sl="21" sc="42" el="21" ec="42" bec="0" bev="0" fileid="6" />
                <SequencePoint vc="20" uspid="629" ordinal="0" offset="1" sl="22" sc="9" el="22" ec="9" bec="0" bev="0" fileid="6" />
                <SequencePoint vc="20" uspid="630" ordinal="0" offset="7" sl="24" sc="14" el="24" ec="14" bec="0" bev="0" fileid="6" />
                <SequencePoint vc="80" uspid="631" ordinal="0" offset="11" sl="24" sc="40" el="24" ec="40" bec="0" bev="0" fileid="6" />
                <SequencePoint vc="80" uspid="632" ordinal="0" offset="12" sl="25" sc="18" el="25" ec="18" bec="0" bev="0" fileid="6" />
                <SequencePoint vc="320" uspid="633" ordinal="0" offset="16" sl="25" sc="47" el="25" ec="47" bec="0" bev="0" fileid="6" />
                <SequencePoint vc="320" uspid="634" ordinal="0" offset="17" sl="26" sc="17" el="26" ec="17" bec="0" bev="0" fileid="6" />
                <SequencePoint vc="298" uspid="635" ordinal="0" offset="37" sl="26" sc="44" el="26" ec="44" bec="0" bev="0" fileid="6" />
                <SequencePoint vc="298" uspid="636" ordinal="0" offset="38" sl="27" sc="21" el="27" ec="21" bec="0" bev="0" fileid="6" />
                <SequencePoint vc="298" uspid="637" ordinal="0" offset="52" sl="28" sc="17" el="28" ec="17" bec="0" bev="0" fileid="6" />
                <SequencePoint vc="320" uspid="638" ordinal="0" offset="53" sl="29" sc="13" el="29" ec="13" bec="0" bev="0" fileid="6" />
                <SequencePoint vc="320" uspid="639" ordinal="0" offset="54" sl="25" sc="42" el="25" ec="42" bec="0" bev="0" fileid="6" />
                <SequencePoint vc="400" uspid="640" ordinal="0" offset="58" sl="25" sc="29" el="25" ec="29" bec="0" bev="0" fileid="6" />
                <SequencePoint vc="80" uspid="641" ordinal="0" offset="73" sl="30" sc="9" el="30" ec="9" bec="0" bev="0" fileid="6" />
                <SequencePoint vc="80" uspid="642" ordinal="0" offset="74" sl="24" sc="35" el="24" ec="35" bec="0" bev="0" fileid="6" />
                <SequencePoint vc="100" uspid="643" ordinal="0" offset="78" sl="24" sc="25" el="24" ec="25" bec="0" bev="0" fileid="6" />
                <SequencePoint vc="20" uspid="644" ordinal="0" offset="93" sl="32" sc="9" el="32" ec="9" bec="0" bev="0" fileid="6" />
                <SequencePoint vc="20" uspid="645" ordinal="0" offset="108" sl="32" sc="39" el="32" ec="39" bec="0" bev="0" fileid="6" />
                <SequencePoint vc="20" uspid="646" ordinal="0" offset="109" sl="33" sc="13" el="33" ec="13" bec="0" bev="0" fileid="6" />
                <SequencePoint vc="20" uspid="647" ordinal="0" offset="123" sl="34" sc="13" el="34" ec="13" bec="0" bev="0" fileid="6" />
                <SequencePoint vc="0" uspid="648" ordinal="0" offset="135" sl="37" sc="9" el="37" ec="9" bec="0" bev="0" fileid="6" />
                <SequencePoint vc="20" uspid="649" ordinal="0" offset="146" sl="38" sc="5" el="38" ec="5" bec="0" bev="0" fileid="6" />
              </SequencePoints>
              <BranchPoints />
            </Method>
            <Method visited="true" cyclomaticComplexity="0" nPathComplexity="0" sequenceCoverage="100.0" branchCoverage="0" crapScore="0" isConstructor="false" isStatic="false" isGetter="false" isSetter="false">
              <Summary numSequencePoints="4" visitedSequencePoints="4" numBranchPoints="0" visitedBranchPoints="0" sequenceCoverage="100.0" branchCoverage="0" maxCyclomaticComplexity="0" minCyclomaticComplexity="0" maxCrapScore="0" minCrapScore="0" visitedClasses="0" numClasses="0" visitedMethods="1" numMethods="1" />
              <MetadataToken>100663324</MetadataToken>
              <Name>System.Void GameField::ChangeCellPosition(UnityEngine.Vector2Int, UnityEngine.Vector2Int)</Name>
              <FileRef uid="6" />
              <SequencePoints>
                <SequencePoint vc="13" uspid="650" ordinal="0" offset="0" sl="41" sc="5" el="41" ec="5" bec="0" bev="0" fileid="6" />
                <SequencePoint vc="13" uspid="651" ordinal="0" offset="1" sl="42" sc="9" el="42" ec="9" bec="0" bev="0" fileid="6" />
                <SequencePoint vc="13" uspid="652" ordinal="0" offset="51" sl="43" sc="9" el="43" ec="9" bec="0" bev="0" fileid="6" />
                <SequencePoint vc="13" uspid="653" ordinal="0" offset="77" sl="44" sc="5" el="44" ec="5" bec="0" bev="0" fileid="6" />
              </SequencePoints>
              <BranchPoints />
            </Method>
            <Method visited="true" cyclomaticComplexity="0" nPathComplexity="0" sequenceCoverage="83.33" branchCoverage="0" crapScore="0" isConstructor="false" isStatic="false" isGetter="false" isSetter="false">
              <Summary numSequencePoints="6" visitedSequencePoints="5" numBranchPoints="0" visitedBranchPoints="0" sequenceCoverage="83.33" branchCoverage="0" maxCyclomaticComplexity="0" minCyclomaticComplexity="0" maxCrapScore="0" minCrapScore="0" visitedClasses="0" numClasses="0" visitedMethods="1" numMethods="1" />
              <MetadataToken>100663325</MetadataToken>
              <Name>System.Void GameField::RemoveCell(Cell)</Name>
              <FileRef uid="6" />
              <SequencePoints>
                <SequencePoint vc="2" uspid="654" ordinal="0" offset="0" sl="47" sc="5" el="47" ec="5" bec="0" bev="0" fileid="6" />
                <SequencePoint vc="2" uspid="655" ordinal="0" offset="1" sl="48" sc="9" el="48" ec="9" bec="0" bev="0" fileid="6" />
                <SequencePoint vc="2" uspid="656" ordinal="0" offset="41" sl="50" sc="9" el="50" ec="9" bec="0" bev="0" fileid="6" />
                <SequencePoint vc="0" uspid="657" ordinal="0" offset="53" sl="51" sc="13" el="51" ec="13" bec="0" bev="0" fileid="6" />
                <SequencePoint vc="2" uspid="658" ordinal="0" offset="72" sl="53" sc="13" el="53" ec="13" bec="0" bev="0" fileid="6" />
                <SequencePoint vc="2" uspid="659" ordinal="0" offset="89" sl="57" sc="5" el="57" ec="5" bec="0" bev="0" fileid="6" />
              </SequencePoints>
              <BranchPoints />
            </Method>
            <Method visited="true" cyclomaticComplexity="0" nPathComplexity="0" sequenceCoverage="70.00" branchCoverage="0" crapScore="0" isConstructor="false" isStatic="false" isGetter="false" isSetter="false">
              <Summary numSequencePoints="10" visitedSequencePoints="7" numBranchPoints="0" visitedBranchPoints="0" sequenceCoverage="70.00" branchCoverage="0" maxCyclomaticComplexity="0" minCyclomaticComplexity="0" maxCrapScore="0" minCrapScore="0" visitedClasses="0" numClasses="0" visitedMethods="1" numMethods="1" />
              <MetadataToken>100663326</MetadataToken>
              <Name>System.Void GameField::CreateInRandomPosition()</Name>
              <FileRef uid="6" />
              <SequencePoints>
                <SequencePoint vc="16" uspid="660" ordinal="0" offset="0" sl="60" sc="5" el="60" ec="5" bec="0" bev="0" fileid="6" />
                <SequencePoint vc="16" uspid="661" ordinal="0" offset="1" sl="61" sc="9" el="61" ec="9" bec="0" bev="0" fileid="6" />
                <SequencePoint vc="16" uspid="662" ordinal="0" offset="8" sl="62" sc="9" el="62" ec="9" bec="0" bev="0" fileid="6" />
                <SequencePoint vc="0" uspid="663" ordinal="0" offset="22" sl="63" sc="9" el="63" ec="9" bec="0" bev="0" fileid="6" />
                <SequencePoint vc="0" uspid="664" ordinal="0" offset="23" sl="64" sc="13" el="64" ec="13" bec="0" bev="0" fileid="6" />
                <SequencePoint vc="0" uspid="665" ordinal="0" offset="34" sl="65" sc="13" el="65" ec="13" bec="0" bev="0" fileid="6" />
                <SequencePoint vc="16" uspid="666" ordinal="0" offset="36" sl="68" sc="9" el="68" ec="9" bec="0" bev="0" fileid="6" />
                <SequencePoint vc="16" uspid="667" ordinal="0" offset="63" sl="69" sc="9" el="69" ec="9" bec="0" bev="0" fileid="6" />
                <SequencePoint vc="16" uspid="668" ordinal="0" offset="71" sl="70" sc="9" el="70" ec="9" bec="0" bev="0" fileid="6" />
                <SequencePoint vc="16" uspid="669" ordinal="0" offset="80" sl="71" sc="5" el="71" ec="5" bec="0" bev="0" fileid="6" />
              </SequencePoints>
              <BranchPoints />
            </Method>
            <Method visited="true" cyclomaticComplexity="0" nPathComplexity="0" sequenceCoverage="91.67" branchCoverage="0" crapScore="0" isConstructor="false" isStatic="false" isGetter="false" isSetter="false">
              <Summary numSequencePoints="12" visitedSequencePoints="11" numBranchPoints="0" visitedBranchPoints="0" sequenceCoverage="91.67" branchCoverage="0" maxCyclomaticComplexity="0" minCyclomaticComplexity="0" maxCrapScore="0" minCrapScore="0" visitedClasses="0" numClasses="0" visitedMethods="1" numMethods="1" />
              <MetadataToken>100663327</MetadataToken>
              <Name>System.Void GameField::CreateCell(Cell, UnityEngine.Vector2Int)</Name>
              <FileRef uid="6" />
              <SequencePoints>
                <SequencePoint vc="19" uspid="670" ordinal="0" offset="0" sl="74" sc="5" el="74" ec="5" bec="0" bev="0" fileid="6" />
                <SequencePoint vc="19" uspid="671" ordinal="0" offset="1" sl="75" sc="9" el="75" ec="9" bec="0" bev="0" fileid="6" />
                <SequencePoint vc="19" uspid="672" ordinal="0" offset="27" sl="77" sc="9" el="77" ec="9" bec="0" bev="0" fileid="6" />
                <SequencePoint vc="19" uspid="673" ordinal="0" offset="43" sl="77" sc="36" el="77" ec="36" bec="0" bev="0" fileid="6" />
                <SequencePoint vc="0" uspid="674" ordinal="0" offset="63" sl="78" sc="14" el="78" ec="14" bec="0" bev="0" fileid="6" />
                <SequencePoint vc="19" uspid="675" ordinal="0" offset="75" sl="79" sc="9" el="79" ec="9" bec="0" bev="0" fileid="6" />
                <SequencePoint vc="19" uspid="676" ordinal="0" offset="82" sl="80" sc="9" el="80" ec="9" bec="0" bev="0" fileid="6" />
                <SequencePoint vc="19" uspid="677" ordinal="0" offset="93" sl="81" sc="9" el="81" ec="9" bec="0" bev="0" fileid="6" />
                <SequencePoint vc="19" uspid="678" ordinal="0" offset="94" sl="82" sc="13" el="82" ec="13" bec="0" bev="0" fileid="6" />
                <SequencePoint vc="19" uspid="679" ordinal="0" offset="102" sl="83" sc="13" el="83" ec="13" bec="0" bev="0" fileid="6" />
                <SequencePoint vc="19" uspid="680" ordinal="0" offset="121" sl="84" sc="9" el="84" ec="9" bec="0" bev="0" fileid="6" />
                <SequencePoint vc="19" uspid="681" ordinal="0" offset="122" sl="85" sc="5" el="85" ec="5" bec="0" bev="0" fileid="6" />
              </SequencePoints>
              <BranchPoints />
            </Method>
            <Method visited="true" cyclomaticComplexity="0" nPathComplexity="0" sequenceCoverage="100.0" branchCoverage="0" crapScore="0" isConstructor="false" isStatic="false" isGetter="false" isSetter="false">
              <Summary numSequencePoints="20" visitedSequencePoints="20" numBranchPoints="0" visitedBranchPoints="0" sequenceCoverage="100.0" branchCoverage="0" maxCyclomaticComplexity="0" minCyclomaticComplexity="0" maxCrapScore="0" minCrapScore="0" visitedClasses="0" numClasses="0" visitedMethods="1" numMethods="1" />
              <MetadataToken>100663328</MetadataToken>
              <Name>System.Void GameField::OnDrawGizmos()</Name>
              <FileRef uid="6" />
              <SequencePoints>
                <SequencePoint vc="2" uspid="682" ordinal="0" offset="0" sl="87" sc="5" el="87" ec="5" bec="0" bev="0" fileid="6" />
                <SequencePoint vc="2" uspid="683" ordinal="0" offset="1" sl="88" sc="9" el="88" ec="9" bec="0" bev="0" fileid="6" />
                <SequencePoint vc="1" uspid="684" ordinal="0" offset="14" sl="89" sc="13" el="89" ec="13" bec="0" bev="0" fileid="6" />
                <SequencePoint vc="1" uspid="685" ordinal="0" offset="19" sl="90" sc="9" el="90" ec="9" bec="0" bev="0" fileid="6" />
                <SequencePoint vc="1" uspid="686" ordinal="0" offset="30" sl="92" sc="14" el="92" ec="14" bec="0" bev="0" fileid="6" />
                <SequencePoint vc="2" uspid="687" ordinal="0" offset="34" sl="93" sc="9" el="93" ec="9" bec="0" bev="0" fileid="6" />
                <SequencePoint vc="2" uspid="688" ordinal="0" offset="35" sl="94" sc="18" el="94" ec="18" bec="0" bev="0" fileid="6" />
                <SequencePoint vc="4" uspid="689" ordinal="0" offset="39" sl="95" sc="13" el="95" ec="13" bec="0" bev="0" fileid="6" />
                <SequencePoint vc="4" uspid="690" ordinal="0" offset="40" sl="96" sc="17" el="96" ec="17" bec="0" bev="0" fileid="6" />
                <SequencePoint vc="2" uspid="691" ordinal="0" offset="60" sl="97" sc="17" el="97" ec="17" bec="0" bev="0" fileid="6" />
                <SequencePoint vc="2" uspid="692" ordinal="0" offset="61" sl="98" sc="21" el="98" ec="21" bec="0" bev="0" fileid="6" />
                <SequencePoint vc="2" uspid="693" ordinal="0" offset="99" sl="99" sc="21" el="99" ec="21" bec="0" bev="0" fileid="6" />
                <SequencePoint vc="2" uspid="694" ordinal="0" offset="122" sl="100" sc="17" el="100" ec="17" bec="0" bev="0" fileid="6" />
                <SequencePoint vc="4" uspid="695" ordinal="0" offset="123" sl="101" sc="13" el="101" ec="13" bec="0" bev="0" fileid="6" />
                <SequencePoint vc="4" uspid="696" ordinal="0" offset="124" sl="94" sc="42" el="94" ec="42" bec="0" bev="0" fileid="6" />
                <SequencePoint vc="6" uspid="697" ordinal="0" offset="128" sl="94" sc="29" el="94" ec="29" bec="0" bev="0" fileid="6" />
                <SequencePoint vc="2" uspid="698" ordinal="0" offset="143" sl="102" sc="9" el="102" ec="9" bec="0" bev="0" fileid="6" />
                <SequencePoint vc="2" uspid="699" ordinal="0" offset="144" sl="92" sc="35" el="92" ec="35" bec="0" bev="0" fileid="6" />
                <SequencePoint vc="3" uspid="700" ordinal="0" offset="148" sl="92" sc="25" el="92" ec="25" bec="0" bev="0" fileid="6" />
                <SequencePoint vc="2" uspid="701" ordinal="0" offset="166" sl="103" sc="5" el="103" ec="5" bec="0" bev="0" fileid="6" />
              </SequencePoints>
              <BranchPoints />
            </Method>
            <Method visited="true" cyclomaticComplexity="0" nPathComplexity="0" sequenceCoverage="100.0" branchCoverage="0" crapScore="0" isConstructor="true" isStatic="false" isGetter="false" isSetter="false">
              <Summary numSequencePoints="2" visitedSequencePoints="2" numBranchPoints="0" visitedBranchPoints="0" sequenceCoverage="100.0" branchCoverage="0" maxCyclomaticComplexity="0" minCyclomaticComplexity="0" maxCrapScore="0" minCrapScore="0" visitedClasses="0" numClasses="0" visitedMethods="1" numMethods="1" />
              <MetadataToken>100663329</MetadataToken>
              <Name>GameField::GameField()</Name>
              <FileRef uid="6" />
              <SequencePoints>
                <SequencePoint vc="8" uspid="702" ordinal="0" offset="0" sl="9" sc="5" el="9" ec="5" bec="0" bev="0" fileid="6" />
                <SequencePoint vc="8" uspid="703" ordinal="0" offset="7" sl="10" sc="5" el="10" ec="5" bec="0" bev="0" fileid="6" />
              </SequencePoints>
              <BranchPoints />
            </Method>
          </Methods>
        </Class>
        <Class>
          <Summary numSequencePoints="211" visitedSequencePoints="137" numBranchPoints="0" visitedBranchPoints="0" sequenceCoverage="64.93" branchCoverage="0.0" maxCyclomaticComplexity="0" minCyclomaticComplexity="0" maxCrapScore="0" minCrapScore="0" visitedClasses="1" numClasses="1" visitedMethods="11" numMethods="11" />
          <FullName>GameManager</FullName>
          <Methods>
            <Method visited="true" cyclomaticComplexity="0" nPathComplexity="0" sequenceCoverage="80.00" branchCoverage="0" crapScore="0" isConstructor="false" isStatic="false" isGetter="false" isSetter="false">
              <Summary numSequencePoints="5" visitedSequencePoints="4" numBranchPoints="0" visitedBranchPoints="0" sequenceCoverage="80.00" branchCoverage="0" maxCyclomaticComplexity="0" minCyclomaticComplexity="0" maxCrapScore="0" minCrapScore="0" visitedClasses="0" numClasses="0" visitedMethods="1" numMethods="1" />
              <MetadataToken>100663330</MetadataToken>
              <Name>System.Void GameManager::Awake()</Name>
              <FileRef uid="7" />
              <SequencePoints>
                <SequencePoint vc="6" uspid="704" ordinal="0" offset="0" sl="29" sc="5" el="29" ec="5" bec="0" bev="0" fileid="7" />
                <SequencePoint vc="6" uspid="705" ordinal="0" offset="1" sl="30" sc="9" el="30" ec="9" bec="0" bev="0" fileid="7" />
                <SequencePoint vc="6" uspid="706" ordinal="0" offset="16" sl="31" sc="13" el="31" ec="13" bec="0" bev="0" fileid="7" />
                <SequencePoint vc="0" uspid="707" ordinal="0" offset="24" sl="33" sc="13" el="33" ec="13" bec="0" bev="0" fileid="7" />
                <SequencePoint vc="6" uspid="708" ordinal="0" offset="36" sl="34" sc="5" el="34" ec="5" bec="0" bev="0" fileid="7" />
              </SequencePoints>
              <BranchPoints />
            </Method>
            <Method visited="true" cyclomaticComplexity="0" nPathComplexity="0" sequenceCoverage="100.0" branchCoverage="0" crapScore="0" isConstructor="false" isStatic="false" isGetter="false" isSetter="false">
              <Summary numSequencePoints="4" visitedSequencePoints="4" numBranchPoints="0" visitedBranchPoints="0" sequenceCoverage="100.0" branchCoverage="0" maxCyclomaticComplexity="0" minCyclomaticComplexity="0" maxCrapScore="0" minCrapScore="0" visitedClasses="0" numClasses="0" visitedMethods="1" numMethods="1" />
              <MetadataToken>100663331</MetadataToken>
              <Name>System.Void GameManager::Start()</Name>
              <FileRef uid="7" />
              <SequencePoints>
                <SequencePoint vc="6" uspid="709" ordinal="0" offset="0" sl="37" sc="5" el="37" ec="5" bec="0" bev="0" fileid="7" />
                <SequencePoint vc="6" uspid="710" ordinal="0" offset="1" sl="38" sc="9" el="38" ec="9" bec="0" bev="0" fileid="7" />
                <SequencePoint vc="6" uspid="711" ordinal="0" offset="8" sl="39" sc="9" el="39" ec="9" bec="0" bev="0" fileid="7" />
                <SequencePoint vc="6" uspid="712" ordinal="0" offset="15" sl="40" sc="5" el="40" ec="5" bec="0" bev="0" fileid="7" />
              </SequencePoints>
              <BranchPoints />
            </Method>
            <Method visited="true" cyclomaticComplexity="0" nPathComplexity="0" sequenceCoverage="70.59" branchCoverage="0" crapScore="0" isConstructor="false" isStatic="false" isGetter="false" isSetter="false">
              <Summary numSequencePoints="17" visitedSequencePoints="12" numBranchPoints="0" visitedBranchPoints="0" sequenceCoverage="70.59" branchCoverage="0" maxCyclomaticComplexity="0" minCyclomaticComplexity="0" maxCrapScore="0" minCrapScore="0" visitedClasses="0" numClasses="0" visitedMethods="1" numMethods="1" />
              <MetadataToken>100663332</MetadataToken>
              <Name>System.Void GameManager::ProcessMove(UnityEngine.Vector2Int)</Name>
              <FileRef uid="7" />
              <SequencePoints>
                <SequencePoint vc="4" uspid="713" ordinal="0" offset="0" sl="43" sc="5" el="43" ec="5" bec="0" bev="0" fileid="7" />
                <SequencePoint vc="4" uspid="714" ordinal="0" offset="1" sl="44" sc="9" el="44" ec="9" bec="0" bev="0" fileid="7" />
                <SequencePoint vc="4" uspid="715" ordinal="0" offset="32" sl="45" sc="9" el="45" ec="9" bec="0" bev="0" fileid="7" />
                <SequencePoint vc="4" uspid="716" ordinal="0" offset="40" sl="46" sc="9" el="46" ec="9" bec="0" bev="0" fileid="7" />
                <SequencePoint vc="4" uspid="717" ordinal="0" offset="45" sl="47" sc="9" el="47" ec="9" bec="0" bev="0" fileid="7" />
                <SequencePoint vc="4" uspid="718" ordinal="0" offset="46" sl="49" sc="13" el="49" ec="13" bec="0" bev="0" fileid="7" />
                <SequencePoint vc="2" uspid="719" ordinal="0" offset="59" sl="49" sc="34" el="49" ec="34" bec="0" bev="0" fileid="7" />
                <SequencePoint vc="4" uspid="720" ordinal="0" offset="72" sl="50" sc="13" el="50" ec="13" bec="0" bev="0" fileid="7" />
                <SequencePoint vc="4" uspid="721" ordinal="0" offset="79" sl="51" sc="13" el="51" ec="13" bec="0" bev="0" fileid="7" />
                <SequencePoint vc="4" uspid="722" ordinal="0" offset="91" sl="52" sc="9" el="52" ec="9" bec="0" bev="0" fileid="7" />
                <SequencePoint vc="4" uspid="723" ordinal="0" offset="92" sl="53" sc="9" el="53" ec="9" bec="0" bev="0" fileid="7" />
                <SequencePoint vc="0" uspid="724" ordinal="0" offset="104" sl="54" sc="9" el="54" ec="9" bec="0" bev="0" fileid="7" />
                <SequencePoint vc="0" uspid="725" ordinal="0" offset="105" sl="55" sc="13" el="55" ec="13" bec="0" bev="0" fileid="7" />
                <SequencePoint vc="0" uspid="726" ordinal="0" offset="116" sl="56" sc="13" el="56" ec="13" bec="0" bev="0" fileid="7" />
                <SequencePoint vc="0" uspid="727" ordinal="0" offset="123" sl="57" sc="13" el="57" ec="13" bec="0" bev="0" fileid="7" />
                <SequencePoint vc="0" uspid="728" ordinal="0" offset="141" sl="58" sc="9" el="58" ec="9" bec="0" bev="0" fileid="7" />
                <SequencePoint vc="4" uspid="729" ordinal="0" offset="142" sl="59" sc="5" el="59" ec="5" bec="0" bev="0" fileid="7" />
              </SequencePoints>
              <BranchPoints />
            </Method>
            <Method visited="true" cyclomaticComplexity="0" nPathComplexity="0" sequenceCoverage="100.0" branchCoverage="0" crapScore="0" isConstructor="false" isStatic="false" isGetter="false" isSetter="false">
              <Summary numSequencePoints="37" visitedSequencePoints="37" numBranchPoints="0" visitedBranchPoints="0" sequenceCoverage="100.0" branchCoverage="0" maxCyclomaticComplexity="0" minCyclomaticComplexity="0" maxCrapScore="0" minCrapScore="0" visitedClasses="0" numClasses="0" visitedMethods="1" numMethods="1" />
              <MetadataToken>100663333</MetadataToken>
              <Name>System.Boolean GameManager::MoveCells(UnityEngine.Vector2Int)</Name>
              <FileRef uid="7" />
              <SequencePoints>
                <SequencePoint vc="4" uspid="730" ordinal="0" offset="0" sl="62" sc="5" el="62" ec="5" bec="0" bev="0" fileid="7" />
                <SequencePoint vc="4" uspid="731" ordinal="0" offset="1" sl="63" sc="9" el="63" ec="9" bec="0" bev="0" fileid="7" />
                <SequencePoint vc="4" uspid="732" ordinal="0" offset="3" sl="64" sc="9" el="64" ec="9" bec="0" bev="0" fileid="7" />
                <SequencePoint vc="2" uspid="733" ordinal="0" offset="33" sl="65" sc="9" el="65" ec="9" bec="0" bev="0" fileid="7" />
                <SequencePoint vc="2" uspid="734" ordinal="0" offset="34" sl="66" sc="18" el="66" ec="18" bec="0" bev="0" fileid="7" />
                <SequencePoint vc="8" uspid="735" ordinal="0" offset="38" sl="67" sc="13" el="67" ec="13" bec="0" bev="0" fileid="7" />
                <SequencePoint vc="8" uspid="736" ordinal="0" offset="39" sl="68" sc="22" el="68" ec="22" bec="0" bev="0" fileid="7" />
                <SequencePoint vc="32" uspid="737" ordinal="0" offset="43" sl="69" sc="17" el="69" ec="17" bec="0" bev="0" fileid="7" />
                <SequencePoint vc="32" uspid="738" ordinal="0" offset="44" sl="70" sc="21" el="70" ec="21" bec="0" bev="0" fileid="7" />
                <SequencePoint vc="28" uspid="739" ordinal="0" offset="71" sl="70" sc="59" el="70" ec="59" bec="0" bev="0" fileid="7" />
                <SequencePoint vc="4" uspid="740" ordinal="0" offset="73" sl="71" sc="21" el="71" ec="21" bec="0" bev="0" fileid="7" />
                <SequencePoint vc="4" uspid="741" ordinal="0" offset="104" sl="72" sc="25" el="72" ec="25" bec="0" bev="0" fileid="7" />
                <SequencePoint vc="4" uspid="742" ordinal="0" offset="106" sl="73" sc="17" el="73" ec="17" bec="0" bev="0" fileid="7" />
                <SequencePoint vc="32" uspid="743" ordinal="0" offset="107" sl="68" sc="56" el="68" ec="56" bec="0" bev="0" fileid="7" />
                <SequencePoint vc="40" uspid="744" ordinal="0" offset="111" sl="68" sc="33" el="68" ec="33" bec="0" bev="0" fileid="7" />
                <SequencePoint vc="8" uspid="745" ordinal="0" offset="131" sl="74" sc="13" el="74" ec="13" bec="0" bev="0" fileid="7" />
                <SequencePoint vc="8" uspid="746" ordinal="0" offset="132" sl="66" sc="49" el="66" ec="49" bec="0" bev="0" fileid="7" />
                <SequencePoint vc="10" uspid="747" ordinal="0" offset="136" sl="66" sc="29" el="66" ec="29" bec="0" bev="0" fileid="7" />
                <SequencePoint vc="2" uspid="748" ordinal="0" offset="156" sl="75" sc="9" el="75" ec="9" bec="0" bev="0" fileid="7" />
                <SequencePoint vc="2" uspid="749" ordinal="0" offset="162" sl="77" sc="9" el="77" ec="9" bec="0" bev="0" fileid="7" />
                <SequencePoint vc="2" uspid="750" ordinal="0" offset="163" sl="78" sc="18" el="78" ec="18" bec="0" bev="0" fileid="7" />
                <SequencePoint vc="8" uspid="751" ordinal="0" offset="180" sl="79" sc="13" el="79" ec="13" bec="0" bev="0" fileid="7" />
                <SequencePoint vc="8" uspid="752" ordinal="0" offset="181" sl="80" sc="22" el="80" ec="22" bec="0" bev="0" fileid="7" />
                <SequencePoint vc="32" uspid="753" ordinal="0" offset="198" sl="81" sc="17" el="81" ec="17" bec="0" bev="0" fileid="7" />
                <SequencePoint vc="32" uspid="754" ordinal="0" offset="199" sl="82" sc="21" el="82" ec="21" bec="0" bev="0" fileid="7" />
                <SequencePoint vc="28" uspid="755" ordinal="0" offset="228" sl="82" sc="59" el="82" ec="59" bec="0" bev="0" fileid="7" />
                <SequencePoint vc="4" uspid="756" ordinal="0" offset="230" sl="83" sc="21" el="83" ec="21" bec="0" bev="0" fileid="7" />
                <SequencePoint vc="3" uspid="757" ordinal="0" offset="263" sl="84" sc="25" el="84" ec="25" bec="0" bev="0" fileid="7" />
                <SequencePoint vc="4" uspid="758" ordinal="0" offset="265" sl="85" sc="17" el="85" ec="17" bec="0" bev="0" fileid="7" />
                <SequencePoint vc="32" uspid="759" ordinal="0" offset="266" sl="80" sc="61" el="80" ec="61" bec="0" bev="0" fileid="7" />
                <SequencePoint vc="40" uspid="760" ordinal="0" offset="272" sl="80" sc="53" el="80" ec="53" bec="0" bev="0" fileid="7" />
                <SequencePoint vc="8" uspid="761" ordinal="0" offset="286" sl="86" sc="13" el="86" ec="13" bec="0" bev="0" fileid="7" />
                <SequencePoint vc="8" uspid="762" ordinal="0" offset="287" sl="78" sc="54" el="78" ec="54" bec="0" bev="0" fileid="7" />
                <SequencePoint vc="10" uspid="763" ordinal="0" offset="293" sl="78" sc="46" el="78" ec="46" bec="0" bev="0" fileid="7" />
                <SequencePoint vc="2" uspid="764" ordinal="0" offset="307" sl="87" sc="9" el="87" ec="9" bec="0" bev="0" fileid="7" />
                <SequencePoint vc="4" uspid="765" ordinal="0" offset="308" sl="89" sc="9" el="89" ec="9" bec="0" bev="0" fileid="7" />
                <SequencePoint vc="4" uspid="766" ordinal="0" offset="313" sl="90" sc="5" el="90" ec="5" bec="0" bev="0" fileid="7" />
              </SequencePoints>
              <BranchPoints />
            </Method>
            <Method visited="true" cyclomaticComplexity="0" nPathComplexity="0" sequenceCoverage="100.0" branchCoverage="0" crapScore="0" isConstructor="false" isStatic="false" isGetter="false" isSetter="false">
              <Summary numSequencePoints="24" visitedSequencePoints="24" numBranchPoints="0" visitedBranchPoints="0" sequenceCoverage="100.0" branchCoverage="0" maxCyclomaticComplexity="0" minCyclomaticComplexity="0" maxCrapScore="0" minCrapScore="0" visitedClasses="0" numClasses="0" visitedMethods="1" numMethods="1" />
              <MetadataToken>100663334</MetadataToken>
              <Name>System.Boolean GameManager::MoveCell(UnityEngine.Vector2Int, Cell)</Name>
              <FileRef uid="7" />
              <SequencePoints>
                <SequencePoint vc="8" uspid="767" ordinal="0" offset="0" sl="93" sc="5" el="93" ec="5" bec="0" bev="0" fileid="7" />
                <SequencePoint vc="8" uspid="768" ordinal="0" offset="1" sl="94" sc="9" el="94" ec="9" bec="0" bev="0" fileid="7" />
                <SequencePoint vc="20" uspid="769" ordinal="0" offset="8" sl="96" sc="9" el="96" ec="9" bec="0" bev="0" fileid="7" />
                <SequencePoint vc="20" uspid="770" ordinal="0" offset="9" sl="97" sc="13" el="97" ec="13" bec="0" bev="0" fileid="7" />
                <SequencePoint vc="20" uspid="771" ordinal="0" offset="22" sl="98" sc="13" el="98" ec="13" bec="0" bev="0" fileid="7" />
                <SequencePoint vc="14" uspid="772" ordinal="0" offset="92" sl="99" sc="13" el="99" ec="13" bec="0" bev="0" fileid="7" />
                <SequencePoint vc="14" uspid="773" ordinal="0" offset="93" sl="100" sc="17" el="100" ec="17" bec="0" bev="0" fileid="7" />
                <SequencePoint vc="14" uspid="774" ordinal="0" offset="124" sl="101" sc="17" el="101" ec="17" bec="0" bev="0" fileid="7" />
                <SequencePoint vc="12" uspid="775" ordinal="0" offset="134" sl="102" sc="17" el="102" ec="17" bec="0" bev="0" fileid="7" />
                <SequencePoint vc="12" uspid="776" ordinal="0" offset="135" sl="103" sc="21" el="103" ec="21" bec="0" bev="0" fileid="7" />
                <SequencePoint vc="12" uspid="777" ordinal="0" offset="144" sl="104" sc="21" el="104" ec="21" bec="0" bev="0" fileid="7" />
                <SequencePoint vc="12" uspid="778" ordinal="0" offset="146" sl="105" sc="21" el="105" ec="21" bec="0" bev="0" fileid="7" />
                <SequencePoint vc="2" uspid="779" ordinal="0" offset="148" sl="107" sc="17" el="107" ec="17" bec="0" bev="0" fileid="7" />
                <SequencePoint vc="2" uspid="780" ordinal="0" offset="178" sl="108" sc="17" el="108" ec="17" bec="0" bev="0" fileid="7" />
                <SequencePoint vc="2" uspid="781" ordinal="0" offset="179" sl="109" sc="21" el="109" ec="21" bec="0" bev="0" fileid="7" />
                <SequencePoint vc="2" uspid="782" ordinal="0" offset="199" sl="110" sc="21" el="110" ec="21" bec="0" bev="0" fileid="7" />
                <SequencePoint vc="2" uspid="783" ordinal="0" offset="212" sl="112" sc="21" el="112" ec="21" bec="0" bev="0" fileid="7" />
                <SequencePoint vc="2" uspid="784" ordinal="0" offset="236" sl="114" sc="21" el="114" ec="21" bec="0" bev="0" fileid="7" />
                <SequencePoint vc="2" uspid="785" ordinal="0" offset="238" sl="115" sc="17" el="115" ec="17" bec="0" bev="0" fileid="7" />
                <SequencePoint vc="2" uspid="786" ordinal="0" offset="239" sl="116" sc="13" el="116" ec="13" bec="0" bev="0" fileid="7" />
                <SequencePoint vc="8" uspid="787" ordinal="0" offset="240" sl="118" sc="13" el="118" ec="13" bec="0" bev="0" fileid="7" />
                <SequencePoint vc="20" uspid="788" ordinal="0" offset="242" sl="95" sc="9" el="95" ec="9" bec="0" bev="0" fileid="7" />
                <SequencePoint vc="8" uspid="789" ordinal="0" offset="250" sl="121" sc="9" el="121" ec="9" bec="0" bev="0" fileid="7" />
                <SequencePoint vc="8" uspid="790" ordinal="0" offset="255" sl="122" sc="5" el="122" ec="5" bec="0" bev="0" fileid="7" />
              </SequencePoints>
              <BranchPoints />
            </Method>
            <Method visited="true" cyclomaticComplexity="0" nPathComplexity="0" sequenceCoverage="75.00" branchCoverage="0" crapScore="0" isConstructor="false" isStatic="false" isGetter="false" isSetter="false">
              <Summary numSequencePoints="12" visitedSequencePoints="9" numBranchPoints="0" visitedBranchPoints="0" sequenceCoverage="75.00" branchCoverage="0" maxCyclomaticComplexity="0" minCyclomaticComplexity="0" maxCrapScore="0" minCrapScore="0" visitedClasses="0" numClasses="0" visitedMethods="1" numMethods="1" />
              <MetadataToken>100663335</MetadataToken>
              <Name>System.Void GameManager::UpdateScore(System.Int32)</Name>
              <FileRef uid="7" />
              <SequencePoints>
                <SequencePoint vc="8" uspid="791" ordinal="0" offset="0" sl="126" sc="5" el="126" ec="5" bec="0" bev="0" fileid="7" />
                <SequencePoint vc="8" uspid="792" ordinal="0" offset="1" sl="127" sc="9" el="127" ec="9" bec="0" bev="0" fileid="7" />
                <SequencePoint vc="8" uspid="793" ordinal="0" offset="15" sl="128" sc="9" el="128" ec="9" bec="0" bev="0" fileid="7" />
                <SequencePoint vc="0" uspid="794" ordinal="0" offset="33" sl="128" sc="31" el="128" ec="31" bec="0" bev="0" fileid="7" />
                <SequencePoint vc="8" uspid="795" ordinal="0" offset="45" sl="129" sc="9" el="129" ec="9" bec="0" bev="0" fileid="7" />
                <SequencePoint vc="0" uspid="796" ordinal="0" offset="60" sl="130" sc="13" el="130" ec="13" bec="0" bev="0" fileid="7" />
                <SequencePoint vc="8" uspid="797" ordinal="0" offset="93" sl="131" sc="9" el="131" ec="9" bec="0" bev="0" fileid="7" />
                <SequencePoint vc="0" uspid="798" ordinal="0" offset="108" sl="132" sc="13" el="132" ec="13" bec="0" bev="0" fileid="7" />
                <SequencePoint vc="8" uspid="799" ordinal="0" offset="141" sl="133" sc="9" el="133" ec="9" bec="0" bev="0" fileid="7" />
                <SequencePoint vc="8" uspid="800" ordinal="0" offset="168" sl="134" sc="9" el="134" ec="9" bec="0" bev="0" fileid="7" />
                <SequencePoint vc="8" uspid="801" ordinal="0" offset="175" sl="135" sc="9" el="135" ec="9" bec="0" bev="0" fileid="7" />
                <SequencePoint vc="8" uspid="802" ordinal="0" offset="194" sl="136" sc="5" el="136" ec="5" bec="0" bev="0" fileid="7" />
              </SequencePoints>
              <BranchPoints />
            </Method>
            <Method visited="true" cyclomaticComplexity="0" nPathComplexity="0" sequenceCoverage="13.79" branchCoverage="0" crapScore="0" isConstructor="false" isStatic="false" isGetter="false" isSetter="false">
              <Summary numSequencePoints="29" visitedSequencePoints="4" numBranchPoints="0" visitedBranchPoints="0" sequenceCoverage="13.79" branchCoverage="0" maxCyclomaticComplexity="0" minCyclomaticComplexity="0" maxCrapScore="0" minCrapScore="0" visitedClasses="0" numClasses="0" visitedMethods="1" numMethods="1" />
              <MetadataToken>100663336</MetadataToken>
              <Name>System.Boolean GameManager::IsGameOver()</Name>
              <FileRef uid="7" />
              <SequencePoints>
                <SequencePoint vc="4" uspid="803" ordinal="0" offset="0" sl="139" sc="5" el="139" ec="5" bec="0" bev="0" fileid="7" />
                <SequencePoint vc="4" uspid="804" ordinal="0" offset="1" sl="140" sc="9" el="140" ec="9" bec="0" bev="0" fileid="7" />
                <SequencePoint vc="4" uspid="805" ordinal="0" offset="30" sl="141" sc="13" el="141" ec="13" bec="0" bev="0" fileid="7" />
                <SequencePoint vc="0" uspid="806" ordinal="0" offset="37" sl="142" sc="14" el="142" ec="14" bec="0" bev="0" fileid="7" />
                <SequencePoint vc="0" uspid="807" ordinal="0" offset="44" sl="143" sc="9" el="143" ec="9" bec="0" bev="0" fileid="7" />
                <SequencePoint vc="0" uspid="808" ordinal="0" offset="45" sl="144" sc="18" el="144" ec="18" bec="0" bev="0" fileid="7" />
                <SequencePoint vc="0" uspid="809" ordinal="0" offset="53" sl="145" sc="13" el="145" ec="13" bec="0" bev="0" fileid="7" />
                <SequencePoint vc="0" uspid="810" ordinal="0" offset="54" sl="146" sc="17" el="146" ec="17" bec="0" bev="0" fileid="7" />
                <SequencePoint vc="0" uspid="811" ordinal="0" offset="110" sl="147" sc="17" el="147" ec="17" bec="0" bev="0" fileid="7" />
                <SequencePoint vc="0" uspid="812" ordinal="0" offset="111" sl="147" sc="37" el="147" ec="37" bec="0" bev="0" fileid="7" />
                <SequencePoint vc="0" uspid="813" ordinal="0" offset="123" sl="147" sc="26" el="147" ec="26" bec="0" bev="0" fileid="7" />
                <SequencePoint vc="0" uspid="814" ordinal="0" offset="134" sl="148" sc="17" el="148" ec="17" bec="0" bev="0" fileid="7" />
                <SequencePoint vc="0" uspid="815" ordinal="0" offset="135" sl="149" sc="21" el="149" ec="21" bec="0" bev="0" fileid="7" />
                <SequencePoint vc="0" uspid="816" ordinal="0" offset="152" sl="150" sc="21" el="150" ec="21" bec="0" bev="0" fileid="7" />
                <SequencePoint vc="0" uspid="817" ordinal="0" offset="224" sl="151" sc="79" el="151" ec="79" bec="0" bev="0" fileid="7" />
                <SequencePoint vc="0" uspid="818" ordinal="0" offset="226" sl="152" sc="21" el="152" ec="21" bec="0" bev="0" fileid="7" />
                <SequencePoint vc="0" uspid="819" ordinal="0" offset="258" sl="153" sc="21" el="153" ec="21" bec="0" bev="0" fileid="7" />
                <SequencePoint vc="0" uspid="820" ordinal="0" offset="279" sl="154" sc="21" el="154" ec="21" bec="0" bev="0" fileid="7" />
                <SequencePoint vc="0" uspid="821" ordinal="0" offset="322" sl="156" sc="25" el="156" ec="25" bec="0" bev="0" fileid="7" />
                <SequencePoint vc="0" uspid="822" ordinal="0" offset="326" sl="157" sc="17" el="157" ec="17" bec="0" bev="0" fileid="7" />
                <SequencePoint vc="0" uspid="823" ordinal="0" offset="333" sl="147" sc="34" el="147" ec="34" bec="0" bev="0" fileid="7" />
                <SequencePoint vc="0" uspid="824" ordinal="0" offset="344" sl="158" sc="13" el="158" ec="13" bec="0" bev="0" fileid="7" />
                <SequencePoint vc="0" uspid="825" ordinal="0" offset="345" sl="144" sc="52" el="144" ec="52" bec="0" bev="0" fileid="7" />
                <SequencePoint vc="0" uspid="826" ordinal="0" offset="351" sl="144" sc="29" el="144" ec="29" bec="0" bev="0" fileid="7" />
                <SequencePoint vc="0" uspid="827" ordinal="0" offset="375" sl="159" sc="9" el="159" ec="9" bec="0" bev="0" fileid="7" />
                <SequencePoint vc="0" uspid="828" ordinal="0" offset="376" sl="142" sc="45" el="142" ec="45" bec="0" bev="0" fileid="7" />
                <SequencePoint vc="0" uspid="829" ordinal="0" offset="380" sl="142" sc="25" el="142" ec="25" bec="0" bev="0" fileid="7" />
                <SequencePoint vc="0" uspid="830" ordinal="0" offset="403" sl="161" sc="9" el="161" ec="9" bec="0" bev="0" fileid="7" />
                <SequencePoint vc="4" uspid="831" ordinal="0" offset="407" sl="162" sc="5" el="162" ec="5" bec="0" bev="0" fileid="7" />
              </SequencePoints>
              <BranchPoints />
            </Method>
            <Method visited="true" cyclomaticComplexity="0" nPathComplexity="0" sequenceCoverage="93.33" branchCoverage="0" crapScore="0" isConstructor="false" isStatic="false" isGetter="false" isSetter="false">
              <Summary numSequencePoints="15" visitedSequencePoints="14" numBranchPoints="0" visitedBranchPoints="0" sequenceCoverage="93.33" branchCoverage="0" maxCyclomaticComplexity="0" minCyclomaticComplexity="0" maxCrapScore="0" minCrapScore="0" visitedClasses="0" numClasses="0" visitedMethods="1" numMethods="1" />
              <MetadataToken>100663337</MetadataToken>
              <Name>System.Void GameManager::ClearGameField()</Name>
              <FileRef uid="7" />
              <SequencePoints>
                <SequencePoint vc="6" uspid="832" ordinal="0" offset="0" sl="165" sc="5" el="165" ec="5" bec="0" bev="0" fileid="7" />
                <SequencePoint vc="6" uspid="833" ordinal="0" offset="1" sl="166" sc="14" el="166" ec="14" bec="0" bev="0" fileid="7" />
                <SequencePoint vc="24" uspid="834" ordinal="0" offset="5" sl="167" sc="9" el="167" ec="9" bec="0" bev="0" fileid="7" />
                <SequencePoint vc="24" uspid="835" ordinal="0" offset="6" sl="168" sc="18" el="168" ec="18" bec="0" bev="0" fileid="7" />
                <SequencePoint vc="96" uspid="836" ordinal="0" offset="10" sl="169" sc="13" el="169" ec="13" bec="0" bev="0" fileid="7" />
                <SequencePoint vc="96" uspid="837" ordinal="0" offset="11" sl="170" sc="17" el="170" ec="17" bec="0" bev="0" fileid="7" />
                <SequencePoint vc="0" uspid="838" ordinal="0" offset="36" sl="171" sc="21" el="171" ec="21" bec="0" bev="0" fileid="7" />
                <SequencePoint vc="96" uspid="839" ordinal="0" offset="66" sl="172" sc="13" el="172" ec="13" bec="0" bev="0" fileid="7" />
                <SequencePoint vc="96" uspid="840" ordinal="0" offset="67" sl="168" sc="52" el="168" ec="52" bec="0" bev="0" fileid="7" />
                <SequencePoint vc="120" uspid="841" ordinal="0" offset="71" sl="168" sc="29" el="168" ec="29" bec="0" bev="0" fileid="7" />
                <SequencePoint vc="24" uspid="842" ordinal="0" offset="89" sl="173" sc="9" el="173" ec="9" bec="0" bev="0" fileid="7" />
                <SequencePoint vc="24" uspid="843" ordinal="0" offset="90" sl="166" sc="45" el="166" ec="45" bec="0" bev="0" fileid="7" />
                <SequencePoint vc="30" uspid="844" ordinal="0" offset="94" sl="166" sc="25" el="166" ec="25" bec="0" bev="0" fileid="7" />
                <SequencePoint vc="6" uspid="845" ordinal="0" offset="114" sl="175" sc="9" el="175" ec="9" bec="0" bev="0" fileid="7" />
                <SequencePoint vc="6" uspid="846" ordinal="0" offset="121" sl="176" sc="5" el="176" ec="5" bec="0" bev="0" fileid="7" />
              </SequencePoints>
              <BranchPoints />
            </Method>
            <Method visited="true" cyclomaticComplexity="0" nPathComplexity="0" sequenceCoverage="100.0" branchCoverage="0" crapScore="0" isConstructor="false" isStatic="false" isGetter="false" isSetter="false">
              <Summary numSequencePoints="7" visitedSequencePoints="7" numBranchPoints="0" visitedBranchPoints="0" sequenceCoverage="100.0" branchCoverage="0" maxCyclomaticComplexity="0" minCyclomaticComplexity="0" maxCrapScore="0" minCrapScore="0" visitedClasses="0" numClasses="0" visitedMethods="1" numMethods="1" />
              <MetadataToken>100663338</MetadataToken>
              <Name>System.Void GameManager::ResetGame()</Name>
              <FileRef uid="7" />
              <SequencePoints>
                <SequencePoint vc="6" uspid="847" ordinal="0" offset="0" sl="178" sc="5" el="178" ec="5" bec="0" bev="0" fileid="7" />
                <SequencePoint vc="6" uspid="848" ordinal="0" offset="1" sl="179" sc="9" el="179" ec="9" bec="0" bev="0" fileid="7" />
                <SequencePoint vc="6" uspid="849" ordinal="0" offset="8" sl="180" sc="9" el="180" ec="9" bec="0" bev="0" fileid="7" />
                <SequencePoint vc="6" uspid="850" ordinal="0" offset="15" sl="181" sc="9" el="181" ec="9" bec="0" bev="0" fileid="7" />
                <SequencePoint vc="6" uspid="851" ordinal="0" offset="23" sl="182" sc="9" el="182" ec="9" bec="0" bev="0" fileid="7" />
                <SequencePoint vc="6" uspid="852" ordinal="0" offset="35" sl="183" sc="9" el="183" ec="9" bec="0" bev="0" fileid="7" />
                <SequencePoint vc="6" uspid="853" ordinal="0" offset="47" sl="184" sc="5" el="184" ec="5" bec="0" bev="0" fileid="7" />
              </SequencePoints>
              <BranchPoints />
            </Method>
            <Method visited="true" cyclomaticComplexity="0" nPathComplexity="0" sequenceCoverage="46.15" branchCoverage="0" crapScore="0" isConstructor="false" isStatic="false" isGetter="false" isSetter="false">
              <Summary numSequencePoints="26" visitedSequencePoints="12" numBranchPoints="0" visitedBranchPoints="0" sequenceCoverage="46.15" branchCoverage="0" maxCyclomaticComplexity="0" minCyclomaticComplexity="0" maxCrapScore="0" minCrapScore="0" visitedClasses="0" numClasses="0" visitedMethods="1" numMethods="1" />
              <MetadataToken>100663339</MetadataToken>
              <Name>System.Void GameManager::SaveBestScore()</Name>
              <FileRef uid="7" />
              <SequencePoints>
                <SequencePoint vc="14" uspid="854" ordinal="0" offset="0" sl="187" sc="5" el="187" ec="5" bec="0" bev="0" fileid="7" />
                <SequencePoint vc="14" uspid="855" ordinal="0" offset="1" sl="188" sc="9" el="188" ec="9" bec="0" bev="0" fileid="7" />
                <SequencePoint vc="14" uspid="856" ordinal="0" offset="17" sl="190" sc="9" el="190" ec="9" bec="0" bev="0" fileid="7" />
                <SequencePoint vc="14" uspid="857" ordinal="0" offset="25" sl="192" sc="9" el="192" ec="9" bec="0" bev="0" fileid="7" />
                <SequencePoint vc="14" uspid="858" ordinal="0" offset="31" sl="193" sc="9" el="193" ec="9" bec="0" bev="0" fileid="7" />
                <SequencePoint vc="14" uspid="859" ordinal="0" offset="38" sl="195" sc="9" el="195" ec="9" bec="0" bev="0" fileid="7" />
                <SequencePoint vc="14" uspid="860" ordinal="0" offset="39" sl="196" sc="13" el="196" ec="13" bec="0" bev="0" fileid="7" />
                <SequencePoint vc="14" uspid="861" ordinal="0" offset="53" sl="197" sc="17" el="197" ec="17" bec="0" bev="0" fileid="7" />
                <SequencePoint vc="14" uspid="862" ordinal="0" offset="71" sl="199" sc="13" el="199" ec="13" bec="0" bev="0" fileid="7" />
                <SequencePoint vc="0" uspid="863" ordinal="0" offset="91" sl="200" sc="13" el="200" ec="13" bec="0" bev="0" fileid="7" />
                <SequencePoint vc="0" uspid="864" ordinal="0" offset="92" sl="201" sc="17" el="201" ec="17" bec="0" bev="0" fileid="7" />
                <SequencePoint vc="0" uspid="865" ordinal="0" offset="104" sl="202" sc="17" el="202" ec="17" bec="0" bev="0" fileid="7" />
                <SequencePoint vc="0" uspid="866" ordinal="0" offset="110" sl="203" sc="17" el="203" ec="17" bec="0" bev="0" fileid="7" />
                <SequencePoint vc="0" uspid="867" ordinal="0" offset="129" sl="204" sc="13" el="204" ec="13" bec="0" bev="0" fileid="7" />
                <SequencePoint vc="14" uspid="868" ordinal="0" offset="130" sl="206" sc="13" el="206" ec="13" bec="0" bev="0" fileid="7" />
                <SequencePoint vc="14" uspid="869" ordinal="0" offset="137" sl="207" sc="9" el="207" ec="9" bec="0" bev="0" fileid="7" />
                <SequencePoint vc="0" uspid="870" ordinal="0" offset="140" sl="208" sc="9" el="208" ec="9" bec="0" bev="0" fileid="7" />
                <SequencePoint vc="0" uspid="871" ordinal="0" offset="142" sl="209" sc="9" el="209" ec="9" bec="0" bev="0" fileid="7" />
                <SequencePoint vc="0" uspid="872" ordinal="0" offset="143" sl="210" sc="13" el="210" ec="13" bec="0" bev="0" fileid="7" />
                <SequencePoint vc="0" uspid="873" ordinal="0" offset="150" sl="211" sc="13" el="211" ec="13" bec="0" bev="0" fileid="7" />
                <SequencePoint vc="0" uspid="874" ordinal="0" offset="163" sl="212" sc="13" el="212" ec="13" bec="0" bev="0" fileid="7" />
                <SequencePoint vc="0" uspid="875" ordinal="0" offset="169" sl="213" sc="13" el="213" ec="13" bec="0" bev="0" fileid="7" />
                <SequencePoint vc="0" uspid="876" ordinal="0" offset="176" sl="214" sc="13" el="214" ec="13" bec="0" bev="0" fileid="7" />
                <SequencePoint vc="0" uspid="877" ordinal="0" offset="195" sl="215" sc="13" el="215" ec="13" bec="0" bev="0" fileid="7" />
                <SequencePoint vc="0" uspid="878" ordinal="0" offset="207" sl="216" sc="9" el="216" ec="9" bec="0" bev="0" fileid="7" />
                <SequencePoint vc="14" uspid="879" ordinal="0" offset="210" sl="217" sc="5" el="217" ec="5" bec="0" bev="0" fileid="7" />
              </SequencePoints>
              <BranchPoints />
            </Method>
            <Method visited="true" cyclomaticComplexity="0" nPathComplexity="0" sequenceCoverage="28.57" branchCoverage="0" crapScore="0" isConstructor="false" isStatic="false" isGetter="false" isSetter="false">
              <Summary numSequencePoints="35" visitedSequencePoints="10" numBranchPoints="0" visitedBranchPoints="0" sequenceCoverage="28.57" branchCoverage="0" maxCyclomaticComplexity="0" minCyclomaticComplexity="0" maxCrapScore="0" minCrapScore="0" visitedClasses="0" numClasses="0" visitedMethods="1" numMethods="1" />
              <MetadataToken>100663341</MetadataToken>
              <Name>System.Void GameManager::LoadGame()</Name>
              <FileRef uid="7" />
              <SequencePoints>
                <SequencePoint vc="6" uspid="908" ordinal="0" offset="0" sl="247" sc="5" el="247" ec="5" bec="0" bev="0" fileid="7" />
                <SequencePoint vc="6" uspid="909" ordinal="0" offset="1" sl="248" sc="9" el="248" ec="9" bec="0" bev="0" fileid="7" />
                <SequencePoint vc="6" uspid="910" ordinal="0" offset="17" sl="249" sc="9" el="249" ec="9" bec="0" bev="0" fileid="7" />
                <SequencePoint vc="6" uspid="911" ordinal="0" offset="24" sl="251" sc="9" el="251" ec="9" bec="0" bev="0" fileid="7" />
                <SequencePoint vc="6" uspid="912" ordinal="0" offset="25" sl="252" sc="13" el="252" ec="13" bec="0" bev="0" fileid="7" />
                <SequencePoint vc="0" uspid="913" ordinal="0" offset="38" sl="253" sc="13" el="253" ec="13" bec="0" bev="0" fileid="7" />
                <SequencePoint vc="0" uspid="914" ordinal="0" offset="39" sl="254" sc="17" el="254" ec="17" bec="0" bev="0" fileid="7" />
                <SequencePoint vc="0" uspid="915" ordinal="0" offset="45" sl="255" sc="17" el="255" ec="17" bec="0" bev="0" fileid="7" />
                <SequencePoint vc="0" uspid="916" ordinal="0" offset="53" sl="256" sc="17" el="256" ec="17" bec="0" bev="0" fileid="7" />
                <SequencePoint vc="0" uspid="917" ordinal="0" offset="67" sl="257" sc="17" el="257" ec="17" bec="0" bev="0" fileid="7" />
                <SequencePoint vc="0" uspid="918" ordinal="0" offset="81" sl="258" sc="17" el="258" ec="17" bec="0" bev="0" fileid="7" />
                <SequencePoint vc="0" uspid="919" ordinal="0" offset="88" sl="260" sc="17" el="260" ec="17" bec="0" bev="0" fileid="7" />
                <SequencePoint vc="0" uspid="920" ordinal="0" offset="95" sl="261" sc="17" el="261" ec="17" bec="0" bev="0" fileid="7" />
                <SequencePoint vc="0" uspid="921" ordinal="0" offset="96" sl="261" sc="42" el="261" ec="42" bec="0" bev="0" fileid="7" />
                <SequencePoint vc="0" uspid="922" ordinal="0" offset="107" sl="261" sc="26" el="261" ec="26" bec="0" bev="0" fileid="7" />
                <SequencePoint vc="0" uspid="923" ordinal="0" offset="116" sl="262" sc="17" el="262" ec="17" bec="0" bev="0" fileid="7" />
[...]
                <SequencePoint vc="1" uspid="970" ordinal="0" offset="75" sl="37" sc="13" el="37" ec="13" bec="0" bev="0" fileid="9" />
                <SequencePoint vc="1" uspid="971" ordinal="0" offset="78" sl="39" sc="13" el="39" ec="13" bec="0" bev="0" fileid="9" />
                <SequencePoint vc="1" uspid="972" ordinal="0" offset="79" sl="40" sc="17" el="40" ec="17" bec="0" bev="0" fileid="9" />
                <SequencePoint vc="1" uspid="973" ordinal="0" offset="90" sl="41" sc="17" el="41" ec="17" bec="0" bev="0" fileid="9" />
                <SequencePoint vc="1" uspid="974" ordinal="0" offset="106" sl="42" sc="13" el="42" ec="13" bec="0" bev="0" fileid="9" />
                <SequencePoint vc="2" uspid="975" ordinal="0" offset="107" sl="43" sc="9" el="43" ec="9" bec="0" bev="0" fileid="9" />
                <SequencePoint vc="2" uspid="976" ordinal="0" offset="110" sl="45" sc="9" el="45" ec="9" bec="0" bev="0" fileid="9" />
                <SequencePoint vc="2" uspid="977" ordinal="0" offset="111" sl="46" sc="13" el="46" ec="13" bec="0" bev="0" fileid="9" />
                <SequencePoint vc="1" uspid="978" ordinal="0" offset="128" sl="47" sc="13" el="47" ec="13" bec="0" bev="0" fileid="9" />
                <SequencePoint vc="1" uspid="979" ordinal="0" offset="129" sl="48" sc="17" el="48" ec="17" bec="0" bev="0" fileid="9" />
                <SequencePoint vc="1" uspid="980" ordinal="0" offset="140" sl="49" sc="17" el="49" ec="17" bec="0" bev="0" fileid="9" />
                <SequencePoint vc="1" uspid="981" ordinal="0" offset="156" sl="50" sc="13" el="50" ec="13" bec="0" bev="0" fileid="9" />
                <SequencePoint vc="1" uspid="982" ordinal="0" offset="159" sl="52" sc="13" el="52" ec="13" bec="0" bev="0" fileid="9" />
                <SequencePoint vc="1" uspid="983" ordinal="0" offset="160" sl="53" sc="17" el="53" ec="17" bec="0" bev="0" fileid="9" />
                <SequencePoint vc="1" uspid="984" ordinal="0" offset="171" sl="54" sc="17" el="54" ec="17" bec="0" bev="0" fileid="9" />
                <SequencePoint vc="1" uspid="985" ordinal="0" offset="187" sl="55" sc="13" el="55" ec="13" bec="0" bev="0" fileid="9" />
                <SequencePoint vc="2" uspid="986" ordinal="0" offset="188" sl="56" sc="9" el="56" ec="9" bec="0" bev="0" fileid="9" />
                <SequencePoint vc="4" uspid="987" ordinal="0" offset="189" sl="57" sc="5" el="57" ec="5" bec="0" bev="0" fileid="9" />
              </SequencePoints>
              <BranchPoints />
            </Method>
            <Method visited="true" cyclomaticComplexity="0" nPathComplexity="0" sequenceCoverage="100.0" branchCoverage="0" crapScore="0" isConstructor="false" isStatic="false" isGetter="false" isSetter="false">
              <Summary numSequencePoints="3" visitedSequencePoints="3" numBranchPoints="0" visitedBranchPoints="0" sequenceCoverage="100.0" branchCoverage="0" maxCyclomaticComplexity="0" minCyclomaticComplexity="0" maxCrapScore="0" minCrapScore="0" visitedClasses="0" numClasses="0" visitedMethods="1" numMethods="1" />
              <MetadataToken>100663350</MetadataToken>
              <Name>System.Void InputHandler::OnEnable()</Name>
              <FileRef uid="9" />
              <SequencePoints>
                <SequencePoint vc="5" uspid="988" ordinal="0" offset="0" sl="60" sc="5" el="60" ec="5" bec="0" bev="0" fileid="9" />
                <SequencePoint vc="5" uspid="989" ordinal="0" offset="1" sl="61" sc="9" el="61" ec="9" bec="0" bev="0" fileid="9" />
                <SequencePoint vc="5" uspid="990" ordinal="0" offset="8" sl="62" sc="5" el="62" ec="5" bec="0" bev="0" fileid="9" />
              </SequencePoints>
              <BranchPoints />
            </Method>
            <Method visited="true" cyclomaticComplexity="0" nPathComplexity="0" sequenceCoverage="100.0" branchCoverage="0" crapScore="0" isConstructor="false" isStatic="false" isGetter="false" isSetter="false">
              <Summary numSequencePoints="3" visitedSequencePoints="3" numBranchPoints="0" visitedBranchPoints="0" sequenceCoverage="100.0" branchCoverage="0" maxCyclomaticComplexity="0" minCyclomaticComplexity="0" maxCrapScore="0" minCrapScore="0" visitedClasses="0" numClasses="0" visitedMethods="1" numMethods="1" />
              <MetadataToken>100663351</MetadataToken>
              <Name>System.Void InputHandler::Enable()</Name>
              <FileRef uid="9" />
              <SequencePoints>
                <SequencePoint vc="5" uspid="991" ordinal="0" offset="0" sl="65" sc="5" el="65" ec="5" bec="0" bev="0" fileid="9" />
                <SequencePoint vc="5" uspid="992" ordinal="0" offset="1" sl="66" sc="9" el="66" ec="9" bec="0" bev="0" fileid="9" />
                <SequencePoint vc="5" uspid="993" ordinal="0" offset="13" sl="67" sc="5" el="67" ec="5" bec="0" bev="0" fileid="9" />
              </SequencePoints>
              <BranchPoints />
            </Method>
            <Method visited="true" cyclomaticComplexity="0" nPathComplexity="0" sequenceCoverage="100.0" branchCoverage="0" crapScore="0" isConstructor="false" isStatic="false" isGetter="false" isSetter="false">
              <Summary numSequencePoints="3" visitedSequencePoints="3" numBranchPoints="0" visitedBranchPoints="0" sequenceCoverage="100.0" branchCoverage="0" maxCyclomaticComplexity="0" minCyclomaticComplexity="0" maxCrapScore="0" minCrapScore="0" visitedClasses="0" numClasses="0" visitedMethods="1" numMethods="1" />
              <MetadataToken>100663352</MetadataToken>
              <Name>System.Void InputHandler::OnDisable()</Name>
              <FileRef uid="9" />
              <SequencePoints>
                <SequencePoint vc="5" uspid="994" ordinal="0" offset="0" sl="69" sc="5" el="69" ec="5" bec="0" bev="0" fileid="9" />
                <SequencePoint vc="5" uspid="995" ordinal="0" offset="1" sl="70" sc="9" el="70" ec="9" bec="0" bev="0" fileid="9" />
                <SequencePoint vc="5" uspid="996" ordinal="0" offset="8" sl="71" sc="5" el="71" ec="5" bec="0" bev="0" fileid="9" />
              </SequencePoints>
              <BranchPoints />
            </Method>
            <Method visited="true" cyclomaticComplexity="0" nPathComplexity="0" sequenceCoverage="100.0" branchCoverage="0" crapScore="0" isConstructor="false" isStatic="false" isGetter="false" isSetter="false">
              <Summary numSequencePoints="3" visitedSequencePoints="3" numBranchPoints="0" visitedBranchPoints="0" sequenceCoverage="100.0" branchCoverage="0" maxCyclomaticComplexity="0" minCyclomaticComplexity="0" maxCrapScore="0" minCrapScore="0" visitedClasses="0" numClasses="0" visitedMethods="1" numMethods="1" />
              <MetadataToken>100663353</MetadataToken>
              <Name>System.Void InputHandler::Disable()</Name>
              <FileRef uid="9" />
              <SequencePoints>
                <SequencePoint vc="6" uspid="997" ordinal="0" offset="0" sl="74" sc="5" el="74" ec="5" bec="0" bev="0" fileid="9" />
                <SequencePoint vc="6" uspid="998" ordinal="0" offset="1" sl="75" sc="9" el="75" ec="9" bec="0" bev="0" fileid="9" />
                <SequencePoint vc="6" uspid="999" ordinal="0" offset="13" sl="76" sc="5" el="76" ec="5" bec="0" bev="0" fileid="9" />
              </SequencePoints>
              <BranchPoints />
            </Method>
          </Methods>
        </Class>
        <Class>
          <Summary numSequencePoints="11" visitedSequencePoints="11" numBranchPoints="0" visitedBranchPoints="0" sequenceCoverage="100.0" branchCoverage="0.0" maxCyclomaticComplexity="0" minCyclomaticComplexity="0" maxCrapScore="0" minCrapScore="0" visitedClasses="1" numClasses="1" visitedMethods="2" numMethods="2" />
          <FullName>RestartProcess</FullName>
          <Methods>
            <Method visited="true" cyclomaticComplexity="0" nPathComplexity="0" sequenceCoverage="100.0" branchCoverage="0" crapScore="0" isConstructor="false" isStatic="false" isGetter="false" isSetter="false">
              <Summary numSequencePoints="5" visitedSequencePoints="5" numBranchPoints="0" visitedBranchPoints="0" sequenceCoverage="100.0" branchCoverage="0" maxCyclomaticComplexity="0" minCyclomaticComplexity="0" maxCrapScore="0" minCrapScore="0" visitedClasses="0" numClasses="0" visitedMethods="1" numMethods="1" />
              <MetadataToken>100663362</MetadataToken>
              <Name>System.Void RestartProcess::Start()</Name>
              <FileRef uid="11" />
              <SequencePoints>
                <SequencePoint vc="1" uspid="1011" ordinal="0" offset="0" sl="14" sc="5" el="14" ec="5" bec="0" bev="0" fileid="11" />
                <SequencePoint vc="1" uspid="1012" ordinal="0" offset="1" sl="15" sc="9" el="15" ec="9" bec="0" bev="0" fileid="11" />
                <SequencePoint vc="1" uspid="1013" ordinal="0" offset="39" sl="16" sc="9" el="16" ec="9" bec="0" bev="0" fileid="11" />
                <SequencePoint vc="1" uspid="1014" ordinal="0" offset="67" sl="18" sc="9" el="18" ec="9" bec="0" bev="0" fileid="11" />
                <SequencePoint vc="1" uspid="1015" ordinal="0" offset="80" sl="19" sc="5" el="19" ec="5" bec="0" bev="0" fileid="11" />
              </SequencePoints>
              <BranchPoints />
            </Method>
            <Method visited="true" cyclomaticComplexity="0" nPathComplexity="0" sequenceCoverage="100.0" branchCoverage="0" crapScore="0" isConstructor="false" isStatic="false" isGetter="false" isSetter="false">
              <Summary numSequencePoints="6" visitedSequencePoints="6" numBranchPoints="0" visitedBranchPoints="0" sequenceCoverage="100.0" branchCoverage="0" maxCyclomaticComplexity="0" minCyclomaticComplexity="0" maxCrapScore="0" minCrapScore="0" visitedClasses="0" numClasses="0" visitedMethods="1" numMethods="1" />
              <MetadataToken>100663363</MetadataToken>
              <Name>System.Void RestartProcess::ShowGameOverScreen()</Name>
              <FileRef uid="11" />
              <SequencePoints>
                <SequencePoint vc="1" uspid="1016" ordinal="0" offset="0" sl="22" sc="5" el="22" ec="5" bec="0" bev="0" fileid="11" />
                <SequencePoint vc="1" uspid="1017" ordinal="0" offset="1" sl="23" sc="9" el="23" ec="9" bec="0" bev="0" fileid="11" />
                <SequencePoint vc="1" uspid="1018" ordinal="0" offset="14" sl="24" sc="9" el="24" ec="9" bec="0" bev="0" fileid="11" />
                <SequencePoint vc="1" uspid="1019" ordinal="0" offset="25" sl="25" sc="9" el="25" ec="9" bec="0" bev="0" fileid="11" />
                <SequencePoint vc="1" uspid="1020" ordinal="0" offset="37" sl="26" sc="9" el="26" ec="9" bec="0" bev="0" fileid="11" />
                <SequencePoint vc="1" uspid="1021" ordinal="0" offset="74" sl="27" sc="5" el="27" ec="5" bec="0" bev="0" fileid="11" />
              </SequencePoints>
              <BranchPoints />
            </Method>
          </Methods>
        </Class>
        <Class>
          <Summary numSequencePoints="1" visitedSequencePoints="1" numBranchPoints="0" visitedBranchPoints="0" sequenceCoverage="100.0" branchCoverage="0.0" maxCyclomaticComplexity="0" minCyclomaticComplexity="0" maxCrapScore="0" minCrapScore="0" visitedClasses="1" numClasses="1" visitedMethods="1" numMethods="1" />
          <FullName>Cell/&lt;&gt;c__DisplayClass18_0</FullName>
          <Methods>
            <Method visited="true" cyclomaticComplexity="0" nPathComplexity="0" sequenceCoverage="100.0" branchCoverage="0" crapScore="0" isConstructor="false" isStatic="false" isGetter="false" isSetter="false">
              <Summary numSequencePoints="1" visitedSequencePoints="1" numBranchPoints="0" visitedBranchPoints="0" sequenceCoverage="100.0" branchCoverage="0" maxCyclomaticComplexity="0" minCyclomaticComplexity="0" maxCrapScore="0" minCrapScore="0" visitedClasses="0" numClasses="0" visitedMethods="1" numMethods="1" />
              <MetadataToken>100663370</MetadataToken>
              <Name>System.Boolean Cell/&lt;&gt;c__DisplayClass18_0::&lt;.ctor&gt;b__0(CellNumber)</Name>
              <FileRef uid="1" />
              <SequencePoints>
                <SequencePoint vc="139" uspid="1030" ordinal="0" offset="0" sl="16" sc="73" el="16" ec="73" bec="0" bev="0" fileid="1" />
              </SequencePoints>
              <BranchPoints />
            </Method>
          </Methods>
        </Class>
        <Class>
          <Summary numSequencePoints="1" visitedSequencePoints="1" numBranchPoints="0" visitedBranchPoints="0" sequenceCoverage="100.0" branchCoverage="0.0" maxCyclomaticComplexity="0" minCyclomaticComplexity="0" maxCrapScore="0" minCrapScore="0" visitedClasses="1" numClasses="1" visitedMethods="1" numMethods="1" />
          <FullName>Cell/&lt;&gt;c__DisplayClass19_0</FullName>
          <Methods>
            <Method visited="true" cyclomaticComplexity="0" nPathComplexity="0" sequenceCoverage="100.0" branchCoverage="0" crapScore="0" isConstructor="false" isStatic="false" isGetter="false" isSetter="false">
              <Summary numSequencePoints="1" visitedSequencePoints="1" numBranchPoints="0" visitedBranchPoints="0" sequenceCoverage="100.0" branchCoverage="0" maxCyclomaticComplexity="0" minCyclomaticComplexity="0" maxCrapScore="0" minCrapScore="0" visitedClasses="0" numClasses="0" visitedMethods="1" numMethods="1" />
              <MetadataToken>100663372</MetadataToken>
              <Name>System.Boolean Cell/&lt;&gt;c__DisplayClass19_0::&lt;SetValue&gt;b__0(CellNumber)</Name>
              <FileRef uid="1" />
              <SequencePoints>
                <SequencePoint vc="36" uspid="1031" ordinal="0" offset="0" sl="22" sc="77" el="22" ec="77" bec="0" bev="0" fileid="1" />
              </SequencePoints>
              <BranchPoints />
            </Method>
          </Methods>
        </Class>
        <Class>
          <Summary numSequencePoints="14" visitedSequencePoints="14" numBranchPoints="0" visitedBranchPoints="0" sequenceCoverage="100.0" branchCoverage="0.0" maxCyclomaticComplexity="0" minCyclomaticComplexity="0" maxCrapScore="0" minCrapScore="0" visitedClasses="1" numClasses="1" visitedMethods="1" numMethods="1" />
          <FullName>CellView/&lt;Move&gt;d__9</FullName>
          <Methods>
            <Method visited="true" cyclomaticComplexity="0" nPathComplexity="0" sequenceCoverage="100.0" branchCoverage="0" crapScore="0" isConstructor="false" isStatic="false" isGetter="false" isSetter="false">
              <Summary numSequencePoints="14" visitedSequencePoints="14" numBranchPoints="0" visitedBranchPoints="0" sequenceCoverage="100.0" branchCoverage="0" maxCyclomaticComplexity="0" minCyclomaticComplexity="0" maxCrapScore="0" minCrapScore="0" visitedClasses="0" numClasses="0" visitedMethods="1" numMethods="1" />
              <MetadataToken>100663375</MetadataToken>
              <Name>System.Boolean CellView/&lt;Move&gt;d__9::MoveNext()</Name>
              <FileRef uid="5" />
              <SequencePoints>
                <SequencePoint vc="9" uspid="1032" ordinal="0" offset="34" sl="54" sc="5" el="54" ec="5" bec="0" bev="0" fileid="5" />
                <SequencePoint vc="9" uspid="1033" ordinal="0" offset="35" sl="55" sc="9" el="55" ec="9" bec="0" bev="0" fileid="5" />
                <SequencePoint vc="9" uspid="1034" ordinal="0" offset="46" sl="56" sc="9" el="56" ec="9" bec="0" bev="0" fileid="5" />
                <SequencePoint vc="118" uspid="1035" ordinal="0" offset="62" sl="59" sc="9" el="59" ec="9" bec="0" bev="0" fileid="5" />
                <SequencePoint vc="118" uspid="1036" ordinal="0" offset="63" sl="60" sc="13" el="60" ec="13" bec="0" bev="0" fileid="5" />
                <SequencePoint vc="118" uspid="1037" ordinal="0" offset="114" sl="61" sc="13" el="61" ec="13" bec="0" bev="0" fileid="5" />
                <SequencePoint vc="118" uspid="1038" ordinal="0" offset="142" sl="62" sc="13" el="62" ec="13" bec="0" bev="0" fileid="5" />
                <SequencePoint vc="118" uspid="1039" ordinal="0" offset="160" sl="63" sc="13" el="63" ec="13" bec="0" bev="0" fileid="5" />
                <SequencePoint vc="118" uspid="1040" ordinal="0" offset="236" sl="64" sc="13" el="64" ec="13" bec="0" bev="0" fileid="5" />
                <SequencePoint vc="111" uspid="1041" ordinal="0" offset="259" sl="65" sc="9" el="65" ec="9" bec="0" bev="0" fileid="5" />
                <SequencePoint vc="120" uspid="1042" ordinal="0" offset="272" sl="58" sc="9" el="58" ec="9" bec="0" bev="0" fileid="5" />
                <SequencePoint vc="2" uspid="1043" ordinal="0" offset="296" sl="66" sc="9" el="66" ec="9" bec="0" bev="0" fileid="5" />
                <SequencePoint vc="2" uspid="1044" ordinal="0" offset="329" sl="68" sc="9" el="68" ec="9" bec="0" bev="0" fileid="5" />
                <SequencePoint vc="2" uspid="1045" ordinal="0" offset="341" sl="69" sc="5" el="69" ec="5" bec="0" bev="0" fileid="5" />
              </SequencePoints>
              <BranchPoints />
            </Method>
          </Methods>
        </Class>
        <Class>
          <Summary numSequencePoints="12" visitedSequencePoints="12" numBranchPoints="0" visitedBranchPoints="0" sequenceCoverage="100.0" branchCoverage="0.0" maxCyclomaticComplexity="0" minCyclomaticComplexity="0" maxCrapScore="0" minCrapScore="0" visitedClasses="1" numClasses="1" visitedMethods="1" numMethods="1" />
          <FullName>CellView/&lt;Spawn&gt;d__10</FullName>
          <Methods>
            <Method visited="true" cyclomaticComplexity="0" nPathComplexity="0" sequenceCoverage="100.0" branchCoverage="0" crapScore="0" isConstructor="false" isStatic="false" isGetter="false" isSetter="false">
              <Summary numSequencePoints="12" visitedSequencePoints="12" numBranchPoints="0" visitedBranchPoints="0" sequenceCoverage="100.0" branchCoverage="0" maxCyclomaticComplexity="0" minCyclomaticComplexity="0" maxCrapScore="0" minCrapScore="0" visitedClasses="0" numClasses="0" visitedMethods="1" numMethods="1" />
              <MetadataToken>100663381</MetadataToken>
              <Name>System.Boolean CellView/&lt;Spawn&gt;d__10::MoveNext()</Name>
              <FileRef uid="5" />
              <SequencePoints>
                <SequencePoint vc="20" uspid="1046" ordinal="0" offset="34" sl="72" sc="5" el="72" ec="5" bec="0" bev="0" fileid="5" />
                <SequencePoint vc="20" uspid="1047" ordinal="0" offset="35" sl="73" sc="9" el="73" ec="9" bec="0" bev="0" fileid="5" />
                <SequencePoint vc="20" uspid="1048" ordinal="0" offset="46" sl="74" sc="9" el="74" ec="9" bec="0" bev="0" fileid="5" />
                <SequencePoint vc="184" uspid="1049" ordinal="0" offset="59" sl="76" sc="9" el="76" ec="9" bec="0" bev="0" fileid="5" />
                <SequencePoint vc="184" uspid="1050" ordinal="0" offset="60" sl="77" sc="13" el="77" ec="13" bec="0" bev="0" fileid="5" />
                <SequencePoint vc="184" uspid="1051" ordinal="0" offset="109" sl="78" sc="13" el="78" ec="13" bec="0" bev="0" fileid="5" />
                <SequencePoint vc="184" uspid="1052" ordinal="0" offset="132" sl="79" sc="13" el="79" ec="13" bec="0" bev="0" fileid="5" />
                <SequencePoint vc="184" uspid="1053" ordinal="0" offset="150" sl="80" sc="13" el="80" ec="13" bec="0" bev="0" fileid="5" />
                <SequencePoint vc="168" uspid="1054" ordinal="0" offset="173" sl="81" sc="9" el="81" ec="9" bec="0" bev="0" fileid="5" />
                <SequencePoint vc="188" uspid="1055" ordinal="0" offset="186" sl="75" sc="9" el="75" ec="9" bec="0" bev="0" fileid="5" />
                <SequencePoint vc="4" uspid="1056" ordinal="0" offset="210" sl="83" sc="9" el="83" ec="9" bec="0" bev="0" fileid="5" />
                <SequencePoint vc="4" uspid="1057" ordinal="0" offset="232" sl="84" sc="5" el="84" ec="5" bec="0" bev="0" fileid="5" />
              </SequencePoints>
              <BranchPoints />
            </Method>
          </Methods>
        </Class>
      </Classes>
    </Module>
  </Modules>
</CoverageSession>